                       :-) GROMACS - gmx mdrun, 2021 (-:

                            GROMACS is written by:
     Andrey Alekseenko              Emile Apol              Rossen Apostolov     
         Paul Bauer           Herman J.C. Berendsen           Par Bjelkmar       
       Christian Blau           Viacheslav Bolnykh             Kevin Boyd        
     Aldert van Buuren           Rudi van Drunen             Anton Feenstra      
    Gilles Gouaillardet             Alan Gray               Gerrit Groenhof      
       Anca Hamuraru            Vincent Hindriksen          M. Eric Irrgang      
      Aleksei Iupinov           Christoph Junghans             Joe Jordan        
    Dimitrios Karkoulis            Peter Kasson                Jiri Kraus        
      Carsten Kutzner              Per Larsson              Justin A. Lemkul     
       Viveca Lindahl            Magnus Lundborg             Erik Marklund       
        Pascal Merz             Pieter Meulenhoff            Teemu Murtola       
        Szilard Pall               Sander Pronk              Roland Schulz       
       Michael Shirts            Alexey Shvetsov             Alfons Sijbers      
       Peter Tieleman              Jon Vincent              Teemu Virolainen     
     Christian Wennberg            Maarten Wolf              Artem Zhmurov       
                           and the project leaders:
        Mark Abraham, Berk Hess, Erik Lindahl, and David van der Spoel

Copyright (c) 1991-2000, University of Groningen, The Netherlands.
Copyright (c) 2001-2019, The GROMACS development team at
Uppsala University, Stockholm University and
the Royal Institute of Technology, Sweden.
check out http://www.gromacs.org for more information.

GROMACS is free software; you can redistribute it and/or modify it
under the terms of the GNU Lesser General Public License
as published by the Free Software Foundation; either version 2.1
of the License, or (at your option) any later version.

GROMACS:      gmx mdrun, version 2021
Executable:   /usr/local/gromacs/bin/gmx
Data prefix:  /usr/local/gromacs
Working dir:  /users/dmorozov/tutorials/md-intro-tutorial-main/data
Process ID:   266631
Command line:
  gmx mdrun -nt 8 -v -deffnm md

GROMACS version:    2021
Verified release checksum is 3e06a5865d6ff726fc417dea8d55afd37ac3cbb94c02c54c76d7a881c49c5dd8
Precision:          mixed
Memory model:       64 bit
MPI library:        thread_mpi
OpenMP support:     enabled (GMX_OPENMP_MAX_THREADS = 64)
GPU support:        disabled
SIMD instructions:  AVX2_256
FFT library:        fftw-3.3.8-sse2-avx
RDTSCP usage:       disabled
TNG support:        enabled
Hwloc support:      disabled
Tracing support:    disabled
C compiler:         /usr/bin/cc GNU 10.3.0
C compiler flags:   -mavx2 -mfma -Wno-missing-field-initializers -fexcess-precision=fast -funroll-all-loops -O3 -DNDEBUG
C++ compiler:       /usr/bin/c++ GNU 10.3.0
C++ compiler flags: -mavx2 -mfma -Wno-missing-field-initializers -fexcess-precision=fast -funroll-all-loops -fopenmp -O3 -DNDEBUG


Running on 1 node with total 40 cores, 40 logical cores
Hardware detected:
  CPU info:
    Vendor: Intel
    Brand:  Intel(R) Xeon(R) Gold 6230 CPU @ 2.10GHz
    Family: 6   Model: 85   Stepping: 7
    Features: aes apic avx avx2 avx512f avx512cd avx512bw avx512vl avx512secondFMA clfsh cmov cx8 cx16 f16c fma hle htt intel lahf mmx msr nonstop_tsc pcid pclmuldq pdcm pdpe1gb popcnt pse rdrnd rdtscp rtm sse2 sse3 sse4.1 sse4.2 ssse3 tdt x2apic
    Number of AVX-512 FMA units: 2
  Hardware topology: Only logical processor count

Highest SIMD level requested by all nodes in run: AVX_512
SIMD instructions selected at compile time:       AVX2_256
This program was compiled for different hardware than you are running on,
which could influence performance. This build might have been configured on a
login node with only a single AVX-512 FMA unit (in which case AVX2 is faster),
while the node you are running on has dual AVX-512 FMA units.
The current CPU can measure timings more accurately than the code in
gmx mdrun was configured to use. This might affect your simulation
speed as accurate timings are needed for load-balancing.
Please consider rebuilding gmx mdrun with the GMX_USE_RDTSCP=ON CMake option.

++++ PLEASE READ AND CITE THE FOLLOWING REFERENCE ++++
M. J. Abraham, T. Murtola, R. Schulz, S. Páll, J. C. Smith, B. Hess, E.
Lindahl
GROMACS: High performance molecular simulations through multi-level
parallelism from laptops to supercomputers
SoftwareX 1 (2015) pp. 19-25
-------- -------- --- Thank You --- -------- --------


++++ PLEASE READ AND CITE THE FOLLOWING REFERENCE ++++
S. Páll, M. J. Abraham, C. Kutzner, B. Hess, E. Lindahl
Tackling Exascale Software Challenges in Molecular Dynamics Simulations with
GROMACS
In S. Markidis & E. Laure (Eds.), Solving Software Challenges for Exascale 8759 (2015) pp. 3-27
-------- -------- --- Thank You --- -------- --------


++++ PLEASE READ AND CITE THE FOLLOWING REFERENCE ++++
S. Pronk, S. Páll, R. Schulz, P. Larsson, P. Bjelkmar, R. Apostolov, M. R.
Shirts, J. C. Smith, P. M. Kasson, D. van der Spoel, B. Hess, and E. Lindahl
GROMACS 4.5: a high-throughput and highly parallel open source molecular
simulation toolkit
Bioinformatics 29 (2013) pp. 845-54
-------- -------- --- Thank You --- -------- --------


++++ PLEASE READ AND CITE THE FOLLOWING REFERENCE ++++
B. Hess and C. Kutzner and D. van der Spoel and E. Lindahl
GROMACS 4: Algorithms for highly efficient, load-balanced, and scalable
molecular simulation
J. Chem. Theory Comput. 4 (2008) pp. 435-447
-------- -------- --- Thank You --- -------- --------


++++ PLEASE READ AND CITE THE FOLLOWING REFERENCE ++++
D. van der Spoel, E. Lindahl, B. Hess, G. Groenhof, A. E. Mark and H. J. C.
Berendsen
GROMACS: Fast, Flexible and Free
J. Comp. Chem. 26 (2005) pp. 1701-1719
-------- -------- --- Thank You --- -------- --------


++++ PLEASE READ AND CITE THE FOLLOWING REFERENCE ++++
E. Lindahl and B. Hess and D. van der Spoel
GROMACS 3.0: A package for molecular simulation and trajectory analysis
J. Mol. Mod. 7 (2001) pp. 306-317
-------- -------- --- Thank You --- -------- --------


++++ PLEASE READ AND CITE THE FOLLOWING REFERENCE ++++
H. J. C. Berendsen, D. van der Spoel and R. van Drunen
GROMACS: A message-passing parallel molecular dynamics implementation
Comp. Phys. Comm. 91 (1995) pp. 43-56
-------- -------- --- Thank You --- -------- --------


++++ PLEASE CITE THE DOI FOR THIS VERSION OF GROMACS ++++
https://doi.org/10.5281/zenodo.4457626
-------- -------- --- Thank You --- -------- --------

Input Parameters:
   integrator                     = md
   tinit                          = 0
   dt                             = 0.002
   nsteps                         = 50000
   init-step                      = 0
   simulation-part                = 1
   mts                            = false
   comm-mode                      = Linear
   nstcomm                        = 100
   bd-fric                        = 0
   ld-seed                        = -1396773478
   emtol                          = 10
   emstep                         = 0.01
   niter                          = 20
   fcstep                         = 0
   nstcgsteep                     = 1000
   nbfgscorr                      = 10
   rtpi                           = 0.05
   nstxout                        = 0
   nstvout                        = 0
   nstfout                        = 0
   nstlog                         = 1000
   nstcalcenergy                  = 100
   nstenergy                      = 500
   nstxout-compressed             = 2500
   compressed-x-precision         = 1000
   cutoff-scheme                  = Verlet
   nstlist                        = 10
   pbc                            = xyz
   periodic-molecules             = false
   verlet-buffer-tolerance        = 0.005
   rlist                          = 1.2
   coulombtype                    = PME
   coulomb-modifier               = Potential-shift
   rcoulomb-switch                = 0
   rcoulomb                       = 1.2
   epsilon-r                      = 1
   epsilon-rf                     = inf
   vdw-type                       = Cut-off
   vdw-modifier                   = Force-switch
   rvdw-switch                    = 1
   rvdw                           = 1.2
   DispCorr                       = EnerPres
   table-extension                = 1
   fourierspacing                 = 0.15
   fourier-nx                     = 56
   fourier-ny                     = 56
   fourier-nz                     = 56
   pme-order                      = 4
   ewald-rtol                     = 1e-05
   ewald-rtol-lj                  = 0.001
   lj-pme-comb-rule               = Geometric
   ewald-geometry                 = 0
   epsilon-surface                = 0
   tcoupl                         = V-rescale
   nsttcouple                     = 10
   nh-chain-length                = 0
   print-nose-hoover-chain-variables = false
   pcoupl                         = C-rescale
   pcoupltype                     = Isotropic
   nstpcouple                     = 10
   tau-p                          = 5
   compressibility (3x3):
      compressibility[    0]={ 4.50000e-05,  0.00000e+00,  0.00000e+00}
      compressibility[    1]={ 0.00000e+00,  4.50000e-05,  0.00000e+00}
      compressibility[    2]={ 0.00000e+00,  0.00000e+00,  4.50000e-05}
   ref-p (3x3):
      ref-p[    0]={ 1.00000e+00,  0.00000e+00,  0.00000e+00}
      ref-p[    1]={ 0.00000e+00,  1.00000e+00,  0.00000e+00}
      ref-p[    2]={ 0.00000e+00,  0.00000e+00,  1.00000e+00}
   refcoord-scaling               = COM
   posres-com (3):
      posres-com[0]= 0.00000e+00
      posres-com[1]= 0.00000e+00
      posres-com[2]= 0.00000e+00
   posres-comB (3):
      posres-comB[0]= 0.00000e+00
      posres-comB[1]= 0.00000e+00
      posres-comB[2]= 0.00000e+00
   QMMM                           = false
qm-opts:
   ngQM                           = 0
   constraint-algorithm           = Lincs
   continuation                   = true
   Shake-SOR                      = false
   shake-tol                      = 0.0001
   lincs-order                    = 4
   lincs-iter                     = 1
   lincs-warnangle                = 30
   nwall                          = 0
   wall-type                      = 9-3
   wall-r-linpot                  = -1
   wall-atomtype[0]               = -1
   wall-atomtype[1]               = -1
   wall-density[0]                = 0
   wall-density[1]                = 0
   wall-ewald-zfac                = 3
   pull                           = false
   awh                            = false
   rotation                       = false
   interactiveMD                  = false
   disre                          = No
   disre-weighting                = Conservative
   disre-mixed                    = false
   dr-fc                          = 1000
   dr-tau                         = 0
   nstdisreout                    = 100
   orire-fc                       = 0
   orire-tau                      = 0
   nstorireout                    = 100
   free-energy                    = no
   cos-acceleration               = 0
   deform (3x3):
      deform[    0]={ 0.00000e+00,  0.00000e+00,  0.00000e+00}
      deform[    1]={ 0.00000e+00,  0.00000e+00,  0.00000e+00}
      deform[    2]={ 0.00000e+00,  0.00000e+00,  0.00000e+00}
   simulated-tempering            = false
   swapcoords                     = no
   userint1                       = 0
   userint2                       = 0
   userint3                       = 0
   userint4                       = 0
   userreal1                      = 0
   userreal2                      = 0
   userreal3                      = 0
   userreal4                      = 0
   applied-forces:
     electric-field:
       x:
         E0                       = 0
         omega                    = 0
         t0                       = 0
         sigma                    = 0
       y:
         E0                       = 0
         omega                    = 0
         t0                       = 0
         sigma                    = 0
       z:
         E0                       = 0
         omega                    = 0
         t0                       = 0
         sigma                    = 0
     density-guided-simulation:
       active                     = false
       group                      = protein
       similarity-measure         = inner-product
       atom-spreading-weight      = unity
       force-constant             = 1e+09
       gaussian-transform-spreading-width = 0.2
       gaussian-transform-spreading-range-in-multiples-of-width = 4
       reference-density-filename = reference.mrc
       nst                        = 1
       normalize-densities        = true
       adaptive-force-scaling     = false
       adaptive-force-scaling-time-constant = 4
       shift-vector               = 
       transformation-matrix      = 
grpopts:
   nrdf:       81509
   ref-t:         300
   tau-t:         0.1
annealing:          No
annealing-npoints:           0
   acc:	           0           0           0
   nfreeze:           N           N           N
   energygrp-flags[  0]: 0

Changing nstlist from 10 to 80, rlist from 1.2 to 1.316


Using 1 MPI thread

Non-default thread affinity set, disabling internal thread affinity

Using 8 OpenMP threads 

System total charge: 0.000
Will do PME sum in reciprocal space for electrostatic interactions.

++++ PLEASE READ AND CITE THE FOLLOWING REFERENCE ++++
U. Essmann, L. Perera, M. L. Berkowitz, T. Darden, H. Lee and L. G. Pedersen 
A smooth particle mesh Ewald method
J. Chem. Phys. 103 (1995) pp. 8577-8592
-------- -------- --- Thank You --- -------- --------

Using a Gaussian width (1/beta) of 0.384195 nm for Ewald
Potential shift: LJ r^-12: -2.648e-01 r^-6: -5.349e-01, Ewald -8.333e-06
Initialized non-bonded Ewald tables, spacing: 1.02e-03 size: 1176

Generated table with 1158 data points for 1-4 COUL.
Tabscale = 500 points/nm
Generated table with 1158 data points for 1-4 LJ6.
Tabscale = 500 points/nm
Generated table with 1158 data points for 1-4 LJ12.
Tabscale = 500 points/nm
Long Range LJ corr.: <C6> 3.3264e-04


Using SIMD 4x8 nonbonded short-range kernels

Using a dual 4x8 pair-list setup updated with dynamic pruning:
  outer list: updated every 80 steps, buffer 0.116 nm, rlist 1.316 nm
  inner list: updated every 14 steps, buffer 0.003 nm, rlist 1.203 nm
At tolerance 0.005 kJ/mol/ps per atom, equivalent classical 1x1 list would be:
  outer list: updated every 80 steps, buffer 0.261 nm, rlist 1.461 nm
  inner list: updated every 14 steps, buffer 0.056 nm, rlist 1.256 nm

Initializing LINear Constraint Solver

++++ PLEASE READ AND CITE THE FOLLOWING REFERENCE ++++
B. Hess and H. Bekker and H. J. C. Berendsen and J. G. E. M. Fraaije
LINCS: A Linear Constraint Solver for molecular simulations
J. Comp. Chem. 18 (1997) pp. 1463-1472
-------- -------- --- Thank You --- -------- --------

The number of constraints is 2179

++++ PLEASE READ AND CITE THE FOLLOWING REFERENCE ++++
S. Miyamoto and P. A. Kollman
SETTLE: An Analytical Version of the SHAKE and RATTLE Algorithms for Rigid
Water Models
J. Comp. Chem. 13 (1992) pp. 952-962
-------- -------- --- Thank You --- -------- --------


++++ PLEASE READ AND CITE THE FOLLOWING REFERENCE ++++
G. Bussi, D. Donadio and M. Parrinello
Canonical sampling through velocity rescaling
J. Chem. Phys. 126 (2007) pp. 014101
-------- -------- --- Thank You --- -------- --------


++++ PLEASE READ AND CITE THE FOLLOWING REFERENCE ++++
M. Bernetti, G. Bussi
Pressure control using stochastic cell rescaling
J. Chem. Phys. 153 (2020) pp. 114107
-------- -------- --- Thank You --- -------- --------

There are: 39600 Atoms
Center of mass motion removal mode is Linear
We have the following groups for center of mass motion removal:
  0:  rest

Started mdrun on rank 0 Tue Oct 12 13:49:20 2021

           Step           Time
              0        0.00000

   Energies (kJ/mol)
           Bond            U-B    Proper Dih.  Improper Dih.      CMAP Dih.
    3.42659e+03    9.77697e+03    6.48396e+03    5.89442e+02   -1.52749e+03
          LJ-14     Coulomb-14        LJ (SR)  Disper. corr.   Coulomb (SR)
    3.17142e+03    5.05324e+04    6.62016e+04   -4.00814e+03   -6.69054e+05
   Coul. recip.      Potential    Kinetic En.   Total Energy  Conserved En.
    2.02366e+03   -5.32384e+05    1.00904e+05   -4.31480e+05   -4.31449e+05
    Temperature Pres. DC (bar) Pressure (bar)   Constr. rmsd
    2.97782e+02   -1.68419e+02    2.08745e+02    3.01915e-06

           Step           Time
           1000        2.00000

   Energies (kJ/mol)
           Bond            U-B    Proper Dih.  Improper Dih.      CMAP Dih.
    3.63931e+03    9.87750e+03    6.41592e+03    6.00331e+02   -1.57502e+03
          LJ-14     Coulomb-14        LJ (SR)  Disper. corr.   Coulomb (SR)
    3.14477e+03    5.03520e+04    6.60083e+04   -4.00983e+03   -6.69751e+05
   Coul. recip.      Potential    Kinetic En.   Total Energy  Conserved En.
    1.99323e+03   -5.33304e+05    1.01135e+05   -4.32170e+05   -4.31466e+05
    Temperature Pres. DC (bar) Pressure (bar)   Constr. rmsd
    2.98463e+02   -1.68561e+02   -1.80721e+02    3.18167e-06

           Step           Time
           2000        4.00000

   Energies (kJ/mol)
           Bond            U-B    Proper Dih.  Improper Dih.      CMAP Dih.
    3.55292e+03    9.93297e+03    6.39325e+03    5.74757e+02   -1.56516e+03
          LJ-14     Coulomb-14        LJ (SR)  Disper. corr.   Coulomb (SR)
    3.02325e+03    5.04907e+04    6.53100e+04   -4.01523e+03   -6.68790e+05
   Coul. recip.      Potential    Kinetic En.   Total Energy  Conserved En.
    1.97174e+03   -5.33120e+05    1.01190e+05   -4.31930e+05   -4.31324e+05
    Temperature Pres. DC (bar) Pressure (bar)   Constr. rmsd
    2.98627e+02   -1.69014e+02   -2.09625e+02    3.00106e-06

           Step           Time
           3000        6.00000

   Energies (kJ/mol)
           Bond            U-B    Proper Dih.  Improper Dih.      CMAP Dih.
    3.54982e+03    1.00516e+04    6.40198e+03    6.40971e+02   -1.59266e+03
          LJ-14     Coulomb-14        LJ (SR)  Disper. corr.   Coulomb (SR)
    3.06243e+03    5.03258e+04    6.67481e+04   -4.02263e+03   -6.72339e+05
   Coul. recip.      Potential    Kinetic En.   Total Energy  Conserved En.
    2.03482e+03   -5.35139e+05    1.00696e+05   -4.34442e+05   -4.31160e+05
    Temperature Pres. DC (bar) Pressure (bar)   Constr. rmsd
    2.97168e+02   -1.69638e+02   -8.14797e+01    2.93954e-06

           Step           Time
           4000        8.00000

   Energies (kJ/mol)
           Bond            U-B    Proper Dih.  Improper Dih.      CMAP Dih.
    3.59960e+03    9.76349e+03    6.45943e+03    5.97739e+02   -1.61550e+03
          LJ-14     Coulomb-14        LJ (SR)  Disper. corr.   Coulomb (SR)
    3.23569e+03    5.05184e+04    6.59622e+04   -4.02577e+03   -6.69703e+05
   Coul. recip.      Potential    Kinetic En.   Total Energy  Conserved En.
    2.04654e+03   -5.33161e+05    1.01798e+05   -4.31362e+05   -4.31120e+05
    Temperature Pres. DC (bar) Pressure (bar)   Constr. rmsd
    3.00422e+02   -1.69902e+02    1.33206e+02    2.94018e-06

           Step           Time
           5000       10.00000

   Energies (kJ/mol)
           Bond            U-B    Proper Dih.  Improper Dih.      CMAP Dih.
    3.48099e+03    9.78408e+03    6.27367e+03    6.02532e+02   -1.55653e+03
          LJ-14     Coulomb-14        LJ (SR)  Disper. corr.   Coulomb (SR)
    3.09653e+03    5.06789e+04    6.67651e+04   -4.03304e+03   -6.71317e+05
   Coul. recip.      Potential    Kinetic En.   Total Energy  Conserved En.
    2.02902e+03   -5.34196e+05    1.01431e+05   -4.32764e+05   -4.30960e+05
    Temperature Pres. DC (bar) Pressure (bar)   Constr. rmsd
    2.99338e+02   -1.70516e+02   -1.26418e+02    2.93910e-06

           Step           Time
           6000       12.00000

   Energies (kJ/mol)
           Bond            U-B    Proper Dih.  Improper Dih.      CMAP Dih.
    3.44182e+03    9.60755e+03    6.34375e+03    5.65623e+02   -1.59022e+03
          LJ-14     Coulomb-14        LJ (SR)  Disper. corr.   Coulomb (SR)
    3.19151e+03    5.07308e+04    6.70388e+04   -4.02843e+03   -6.70341e+05
   Coul. recip.      Potential    Kinetic En.   Total Energy  Conserved En.
    2.00982e+03   -5.33030e+05    1.01630e+05   -4.31400e+05   -4.31037e+05
    Temperature Pres. DC (bar) Pressure (bar)   Constr. rmsd
    2.99926e+02   -1.70127e+02    1.57156e+02    3.05764e-06

           Step           Time
           7000       14.00000

   Energies (kJ/mol)
           Bond            U-B    Proper Dih.  Improper Dih.      CMAP Dih.
    3.69995e+03    9.78928e+03    6.35579e+03    6.29455e+02   -1.60992e+03
          LJ-14     Coulomb-14        LJ (SR)  Disper. corr.   Coulomb (SR)
    3.09381e+03    5.05839e+04    6.59312e+04   -4.01909e+03   -6.70506e+05
   Coul. recip.      Potential    Kinetic En.   Total Energy  Conserved En.
    1.97269e+03   -5.34080e+05    1.01961e+05   -4.32118e+05   -4.31198e+05
    Temperature Pres. DC (bar) Pressure (bar)   Constr. rmsd
    3.00902e+02   -1.69339e+02   -1.77941e+02    3.11943e-06

           Step           Time
           8000       16.00000

   Energies (kJ/mol)
           Bond            U-B    Proper Dih.  Improper Dih.      CMAP Dih.
    3.54385e+03    9.77126e+03    6.43909e+03    6.40768e+02   -1.63064e+03
          LJ-14     Coulomb-14        LJ (SR)  Disper. corr.   Coulomb (SR)
    3.15687e+03    5.06070e+04    6.56301e+04   -4.02307e+03   -6.69220e+05
   Coul. recip.      Potential    Kinetic En.   Total Energy  Conserved En.
    2.03456e+03   -5.33050e+05    1.00909e+05   -4.32142e+05   -4.31058e+05
    Temperature Pres. DC (bar) Pressure (bar)   Constr. rmsd
    2.97797e+02   -1.69674e+02    1.17277e+02    3.15756e-06

           Step           Time
           9000       18.00000

   Energies (kJ/mol)
           Bond            U-B    Proper Dih.  Improper Dih.      CMAP Dih.
    3.68443e+03    9.77991e+03    6.55044e+03    5.90135e+02   -1.64292e+03
          LJ-14     Coulomb-14        LJ (SR)  Disper. corr.   Coulomb (SR)
    3.10231e+03    5.02066e+04    6.67668e+04   -4.02217e+03   -6.70069e+05
   Coul. recip.      Potential    Kinetic En.   Total Energy  Conserved En.
    2.00621e+03   -5.33047e+05    1.01978e+05   -4.31070e+05   -4.31078e+05
    Temperature Pres. DC (bar) Pressure (bar)   Constr. rmsd
    3.00951e+02   -1.69599e+02    3.65108e+01    2.88853e-06

           Step           Time
          10000       20.00000

   Energies (kJ/mol)
           Bond            U-B    Proper Dih.  Improper Dih.      CMAP Dih.
    3.56729e+03    9.64173e+03    6.36855e+03    6.72239e+02   -1.62848e+03
          LJ-14     Coulomb-14        LJ (SR)  Disper. corr.   Coulomb (SR)
    3.15162e+03    5.06238e+04    6.62237e+04   -4.02153e+03   -6.71224e+05
   Coul. recip.      Potential    Kinetic En.   Total Energy  Conserved En.
    2.04429e+03   -5.34581e+05    1.02090e+05   -4.32490e+05   -4.31080e+05
    Temperature Pres. DC (bar) Pressure (bar)   Constr. rmsd
    3.01283e+02   -1.69544e+02    9.35335e+01    2.92505e-06

           Step           Time
          11000       22.00000

   Energies (kJ/mol)
           Bond            U-B    Proper Dih.  Improper Dih.      CMAP Dih.
    3.41420e+03    9.92394e+03    6.47346e+03    6.76182e+02   -1.62020e+03
          LJ-14     Coulomb-14        LJ (SR)  Disper. corr.   Coulomb (SR)
    3.19295e+03    5.06531e+04    6.67260e+04   -4.01716e+03   -6.71192e+05
   Coul. recip.      Potential    Kinetic En.   Total Energy  Conserved En.
    1.99643e+03   -5.33773e+05    1.00849e+05   -4.32924e+05   -4.31120e+05
    Temperature Pres. DC (bar) Pressure (bar)   Constr. rmsd
    2.97620e+02   -1.69177e+02    1.30077e+02    3.26854e-06

           Step           Time
          12000       24.00000

   Energies (kJ/mol)
           Bond            U-B    Proper Dih.  Improper Dih.      CMAP Dih.
    3.61316e+03    9.90737e+03    6.40491e+03    5.71434e+02   -1.62125e+03
          LJ-14     Coulomb-14        LJ (SR)  Disper. corr.   Coulomb (SR)
    3.10943e+03    5.04580e+04    6.71937e+04   -4.00912e+03   -6.70808e+05
   Coul. recip.      Potential    Kinetic En.   Total Energy  Conserved En.
    2.08868e+03   -5.33092e+05    1.02028e+05   -4.31065e+05   -4.31226e+05
    Temperature Pres. DC (bar) Pressure (bar)   Constr. rmsd
    3.01098e+02   -1.68501e+02    7.09541e+01    3.10548e-06

           Step           Time
          13000       26.00000

   Energies (kJ/mol)
           Bond            U-B    Proper Dih.  Improper Dih.      CMAP Dih.
    3.87715e+03    9.83758e+03    6.35324e+03    5.54713e+02   -1.61068e+03
          LJ-14     Coulomb-14        LJ (SR)  Disper. corr.   Coulomb (SR)
    3.09455e+03    5.05436e+04    6.67473e+04   -3.99943e+03   -6.71741e+05
   Coul. recip.      Potential    Kinetic En.   Total Energy  Conserved En.
    1.96992e+03   -5.34373e+05    1.01220e+05   -4.33153e+05   -4.31404e+05
    Temperature Pres. DC (bar) Pressure (bar)   Constr. rmsd
    2.98715e+02   -1.67688e+02   -1.53086e+02    3.28398e-06

           Step           Time
          14000       28.00000

   Energies (kJ/mol)
           Bond            U-B    Proper Dih.  Improper Dih.      CMAP Dih.
    3.58281e+03    1.00188e+04    6.26278e+03    6.12878e+02   -1.61791e+03
          LJ-14     Coulomb-14        LJ (SR)  Disper. corr.   Coulomb (SR)
    3.07306e+03    5.04189e+04    6.55614e+04   -3.98895e+03   -6.69337e+05
   Coul. recip.      Potential    Kinetic En.   Total Energy  Conserved En.
    2.09459e+03   -5.33319e+05    1.01587e+05   -4.31732e+05   -4.31553e+05
    Temperature Pres. DC (bar) Pressure (bar)   Constr. rmsd
    2.99798e+02   -1.66811e+02   -2.89335e+02    3.18073e-06

           Step           Time
          15000       30.00000

   Energies (kJ/mol)
           Bond            U-B    Proper Dih.  Improper Dih.      CMAP Dih.
    3.66553e+03    1.00081e+04    6.40051e+03    6.17807e+02   -1.54127e+03
          LJ-14     Coulomb-14        LJ (SR)  Disper. corr.   Coulomb (SR)
    3.14842e+03    5.04177e+04    6.57957e+04   -3.99735e+03   -6.68957e+05
   Coul. recip.      Potential    Kinetic En.   Total Energy  Conserved En.
    2.00736e+03   -5.32434e+05    1.01601e+05   -4.30833e+05   -4.31327e+05
    Temperature Pres. DC (bar) Pressure (bar)   Constr. rmsd
    2.99839e+02   -1.67514e+02   -4.38667e+01    3.12679e-06

           Step           Time
          16000       32.00000

   Energies (kJ/mol)
           Bond            U-B    Proper Dih.  Improper Dih.      CMAP Dih.
    3.50393e+03    1.01525e+04    6.39572e+03    6.69149e+02   -1.59303e+03
          LJ-14     Coulomb-14        LJ (SR)  Disper. corr.   Coulomb (SR)
    3.10540e+03    5.03983e+04    6.61130e+04   -4.01141e+03   -6.70127e+05
   Coul. recip.      Potential    Kinetic En.   Total Energy  Conserved En.
    2.05996e+03   -5.33334e+05    1.02940e+05   -4.30394e+05   -4.31141e+05
    Temperature Pres. DC (bar) Pressure (bar)   Constr. rmsd
    3.03789e+02   -1.68694e+02   -3.20792e+00    3.19582e-06

           Step           Time
          17000       34.00000

   Energies (kJ/mol)
           Bond            U-B    Proper Dih.  Improper Dih.      CMAP Dih.
    3.66380e+03    9.74118e+03    6.40002e+03    6.24059e+02   -1.61993e+03
          LJ-14     Coulomb-14        LJ (SR)  Disper. corr.   Coulomb (SR)
    3.19315e+03    5.08030e+04    6.56730e+04   -4.01071e+03   -6.69912e+05
   Coul. recip.      Potential    Kinetic En.   Total Energy  Conserved En.
    2.12701e+03   -5.33318e+05    1.01263e+05   -4.32055e+05   -4.31098e+05
    Temperature Pres. DC (bar) Pressure (bar)   Constr. rmsd
    2.98841e+02   -1.68635e+02   -7.43401e+01    3.29835e-06

           Step           Time
          18000       36.00000

   Energies (kJ/mol)
           Bond            U-B    Proper Dih.  Improper Dih.      CMAP Dih.
    3.79122e+03    9.84786e+03    6.46160e+03    6.72786e+02   -1.58093e+03
          LJ-14     Coulomb-14        LJ (SR)  Disper. corr.   Coulomb (SR)
    3.11810e+03    5.06694e+04    6.65830e+04   -4.01462e+03   -6.71568e+05
   Coul. recip.      Potential    Kinetic En.   Total Energy  Conserved En.
    2.05617e+03   -5.33964e+05    1.02185e+05   -4.31779e+05   -4.31015e+05
    Temperature Pres. DC (bar) Pressure (bar)   Constr. rmsd
    3.01563e+02   -1.68963e+02   -2.34987e+01    3.08554e-06

           Step           Time
          19000       38.00000

   Energies (kJ/mol)
           Bond            U-B    Proper Dih.  Improper Dih.      CMAP Dih.
    3.63383e+03    9.97654e+03    6.37736e+03    6.76696e+02   -1.63170e+03
          LJ-14     Coulomb-14        LJ (SR)  Disper. corr.   Coulomb (SR)
    3.18386e+03    5.03391e+04    6.62806e+04   -4.01152e+03   -6.70696e+05
   Coul. recip.      Potential    Kinetic En.   Total Energy  Conserved En.
    1.99443e+03   -5.33877e+05    1.02027e+05   -4.31850e+05   -4.31027e+05
    Temperature Pres. DC (bar) Pressure (bar)   Constr. rmsd
    3.01097e+02   -1.68702e+02    4.63884e+01    3.26077e-06

           Step           Time
          20000       40.00000

   Energies (kJ/mol)
           Bond            U-B    Proper Dih.  Improper Dih.      CMAP Dih.
    3.57332e+03    9.88357e+03    6.29512e+03    6.04715e+02   -1.62826e+03
          LJ-14     Coulomb-14        LJ (SR)  Disper. corr.   Coulomb (SR)
    3.12706e+03    5.06662e+04    6.60250e+04   -4.03152e+03   -6.70754e+05
   Coul. recip.      Potential    Kinetic En.   Total Energy  Conserved En.
    2.00904e+03   -5.34230e+05    1.01530e+05   -4.32700e+05   -4.30712e+05
    Temperature Pres. DC (bar) Pressure (bar)   Constr. rmsd
    2.99629e+02   -1.70387e+02   -8.40165e+01    2.99941e-06

           Step           Time
          21000       42.00000

   Energies (kJ/mol)
           Bond            U-B    Proper Dih.  Improper Dih.      CMAP Dih.
    3.61825e+03    9.85575e+03    6.44157e+03    6.54172e+02   -1.53523e+03
          LJ-14     Coulomb-14        LJ (SR)  Disper. corr.   Coulomb (SR)
    3.12091e+03    5.03043e+04    6.68460e+04   -4.02726e+03   -6.71707e+05
   Coul. recip.      Potential    Kinetic En.   Total Energy  Conserved En.
    2.06565e+03   -5.34363e+05    1.01346e+05   -4.33017e+05   -4.30753e+05
    Temperature Pres. DC (bar) Pressure (bar)   Constr. rmsd
    2.99086e+02   -1.70028e+02    6.56470e+01    3.08515e-06

           Step           Time
          22000       44.00000

   Energies (kJ/mol)
           Bond            U-B    Proper Dih.  Improper Dih.      CMAP Dih.
    3.60390e+03    9.95371e+03    6.39634e+03    6.23410e+02   -1.52346e+03
          LJ-14     Coulomb-14        LJ (SR)  Disper. corr.   Coulomb (SR)
    3.04654e+03    5.01757e+04    6.61466e+04   -4.02636e+03   -6.72202e+05
   Coul. recip.      Potential    Kinetic En.   Total Energy  Conserved En.
    2.04469e+03   -5.35761e+05    1.01443e+05   -4.34318e+05   -4.30750e+05
    Temperature Pres. DC (bar) Pressure (bar)   Constr. rmsd
    2.99372e+02   -1.69952e+02   -2.64987e+02    3.19794e-06

           Step           Time
          23000       46.00000

   Energies (kJ/mol)
           Bond            U-B    Proper Dih.  Improper Dih.      CMAP Dih.
    3.73215e+03    9.74150e+03    6.31953e+03    6.10803e+02   -1.55971e+03
          LJ-14     Coulomb-14        LJ (SR)  Disper. corr.   Coulomb (SR)
    3.04884e+03    5.07046e+04    6.68999e+04   -4.02225e+03   -6.71477e+05
   Coul. recip.      Potential    Kinetic En.   Total Energy  Conserved En.
    1.97262e+03   -5.34029e+05    1.01535e+05   -4.32494e+05   -4.30814e+05
    Temperature Pres. DC (bar) Pressure (bar)   Constr. rmsd
    2.99643e+02   -1.69606e+02    1.02338e+02    3.07521e-06

           Step           Time
          24000       48.00000

   Energies (kJ/mol)
           Bond            U-B    Proper Dih.  Improper Dih.      CMAP Dih.
    3.48351e+03    9.88450e+03    6.41614e+03    6.25569e+02   -1.55778e+03
          LJ-14     Coulomb-14        LJ (SR)  Disper. corr.   Coulomb (SR)
    3.13121e+03    5.06479e+04    6.69678e+04   -4.01027e+03   -6.70720e+05
   Coul. recip.      Potential    Kinetic En.   Total Energy  Conserved En.
    2.08951e+03   -5.33042e+05    1.02261e+05   -4.30781e+05   -4.30978e+05
    Temperature Pres. DC (bar) Pressure (bar)   Constr. rmsd
    3.01786e+02   -1.68597e+02    2.15343e+02    3.13124e-06

           Step           Time
          25000       50.00000

   Energies (kJ/mol)
           Bond            U-B    Proper Dih.  Improper Dih.      CMAP Dih.
    3.55793e+03    9.74567e+03    6.34232e+03    5.96651e+02   -1.57696e+03
          LJ-14     Coulomb-14        LJ (SR)  Disper. corr.   Coulomb (SR)
    3.16884e+03    5.07024e+04    6.69170e+04   -3.99850e+03   -6.72390e+05
   Coul. recip.      Potential    Kinetic En.   Total Energy  Conserved En.
    2.03291e+03   -5.34901e+05    1.00977e+05   -4.33925e+05   -4.31181e+05
    Temperature Pres. DC (bar) Pressure (bar)   Constr. rmsd
    2.97997e+02   -1.67610e+02   -4.74969e+01    3.17948e-06

           Step           Time
          26000       52.00000

   Energies (kJ/mol)
           Bond            U-B    Proper Dih.  Improper Dih.      CMAP Dih.
    3.53052e+03    1.01933e+04    6.36194e+03    6.15860e+02   -1.54461e+03
          LJ-14     Coulomb-14        LJ (SR)  Disper. corr.   Coulomb (SR)
    3.10999e+03    5.04146e+04    6.60773e+04   -4.00574e+03   -6.68935e+05
   Coul. recip.      Potential    Kinetic En.   Total Energy  Conserved En.
    2.00905e+03   -5.32173e+05    1.02105e+05   -4.30068e+05   -4.31037e+05
    Temperature Pres. DC (bar) Pressure (bar)   Constr. rmsd
    3.01325e+02   -1.68217e+02   -6.68025e+01    3.01037e-06

           Step           Time
          27000       54.00000

   Energies (kJ/mol)
           Bond            U-B    Proper Dih.  Improper Dih.      CMAP Dih.
    3.56646e+03    9.72624e+03    6.31768e+03    5.70410e+02   -1.53245e+03
          LJ-14     Coulomb-14        LJ (SR)  Disper. corr.   Coulomb (SR)
    3.16218e+03    5.05356e+04    6.54578e+04   -4.01756e+03   -6.70148e+05
   Coul. recip.      Potential    Kinetic En.   Total Energy  Conserved En.
    2.03558e+03   -5.34326e+05    1.01633e+05   -4.32693e+05   -4.30823e+05
    Temperature Pres. DC (bar) Pressure (bar)   Constr. rmsd
    2.99932e+02   -1.69210e+02   -1.78847e+02    3.02869e-06

           Step           Time
          28000       56.00000

   Energies (kJ/mol)
           Bond            U-B    Proper Dih.  Improper Dih.      CMAP Dih.
    3.69746e+03    9.76960e+03    6.28005e+03    6.10708e+02   -1.49791e+03
          LJ-14     Coulomb-14        LJ (SR)  Disper. corr.   Coulomb (SR)
    3.01788e+03    5.08609e+04    6.64633e+04   -4.01387e+03   -6.70132e+05
   Coul. recip.      Potential    Kinetic En.   Total Energy  Conserved En.
    2.04545e+03   -5.32898e+05    1.02191e+05   -4.30707e+05   -4.30860e+05
    Temperature Pres. DC (bar) Pressure (bar)   Constr. rmsd
    3.01580e+02   -1.68900e+02    1.30800e+01    2.97093e-06

           Step           Time
          29000       58.00000

   Energies (kJ/mol)
           Bond            U-B    Proper Dih.  Improper Dih.      CMAP Dih.
    3.58752e+03    9.38456e+03    6.37251e+03    6.78833e+02   -1.56846e+03
          LJ-14     Coulomb-14        LJ (SR)  Disper. corr.   Coulomb (SR)
    3.04797e+03    5.06963e+04    6.69563e+04   -4.01138e+03   -6.71018e+05
   Coul. recip.      Potential    Kinetic En.   Total Energy  Conserved En.
    1.98927e+03   -5.33885e+05    1.00775e+05   -4.33110e+05   -4.30914e+05
    Temperature Pres. DC (bar) Pressure (bar)   Constr. rmsd
    2.97400e+02   -1.68691e+02   -4.27347e+01    3.10038e-06

           Step           Time
          30000       60.00000

   Energies (kJ/mol)
           Bond            U-B    Proper Dih.  Improper Dih.      CMAP Dih.
    3.53225e+03    9.83192e+03    6.36228e+03    6.25033e+02   -1.57938e+03
          LJ-14     Coulomb-14        LJ (SR)  Disper. corr.   Coulomb (SR)
    3.07727e+03    5.05047e+04    6.69936e+04   -4.00674e+03   -6.70661e+05
   Coul. recip.      Potential    Kinetic En.   Total Energy  Conserved En.
    2.05364e+03   -5.33267e+05    1.01793e+05   -4.31474e+05   -4.30959e+05
    Temperature Pres. DC (bar) Pressure (bar)   Constr. rmsd
    3.00404e+02   -1.68301e+02    1.67952e+02    3.03508e-06

           Step           Time
          31000       62.00000

   Energies (kJ/mol)
           Bond            U-B    Proper Dih.  Improper Dih.      CMAP Dih.
    3.55880e+03    9.72870e+03    6.41473e+03    6.45407e+02   -1.59141e+03
          LJ-14     Coulomb-14        LJ (SR)  Disper. corr.   Coulomb (SR)
    3.07642e+03    5.01413e+04    6.59541e+04   -4.00793e+03   -6.69776e+05
   Coul. recip.      Potential    Kinetic En.   Total Energy  Conserved En.
    1.95418e+03   -5.33901e+05    1.01217e+05   -4.32685e+05   -4.30913e+05
    Temperature Pres. DC (bar) Pressure (bar)   Constr. rmsd
    2.98704e+02   -1.68401e+02   -1.38779e+02    3.04131e-06

           Step           Time
          32000       64.00000

   Energies (kJ/mol)
           Bond            U-B    Proper Dih.  Improper Dih.      CMAP Dih.
    3.65635e+03    9.94754e+03    6.30756e+03    6.14805e+02   -1.61848e+03
          LJ-14     Coulomb-14        LJ (SR)  Disper. corr.   Coulomb (SR)
    3.07543e+03    5.04734e+04    6.65743e+04   -3.99980e+03   -6.69882e+05
   Coul. recip.      Potential    Kinetic En.   Total Energy  Conserved En.
    1.99181e+03   -5.32859e+05    1.01750e+05   -4.31109e+05   -4.31030e+05
    Temperature Pres. DC (bar) Pressure (bar)   Constr. rmsd
    3.00277e+02   -1.67719e+02    2.82510e+01    3.12101e-06

           Step           Time
          33000       66.00000

   Energies (kJ/mol)
           Bond            U-B    Proper Dih.  Improper Dih.      CMAP Dih.
    3.64056e+03    9.83913e+03    6.37479e+03    5.88091e+02   -1.65242e+03
          LJ-14     Coulomb-14        LJ (SR)  Disper. corr.   Coulomb (SR)
    3.18073e+03    5.05775e+04    6.69172e+04   -3.99167e+03   -6.70291e+05
   Coul. recip.      Potential    Kinetic En.   Total Energy  Conserved En.
    2.01795e+03   -5.32799e+05    1.02229e+05   -4.30570e+05   -4.31167e+05
    Temperature Pres. DC (bar) Pressure (bar)   Constr. rmsd
    3.01692e+02   -1.67038e+02    8.33357e+01    2.96295e-06

           Step           Time
          34000       68.00000

   Energies (kJ/mol)
           Bond            U-B    Proper Dih.  Improper Dih.      CMAP Dih.
    3.65805e+03    9.97556e+03    6.36829e+03    6.38447e+02   -1.57628e+03
          LJ-14     Coulomb-14        LJ (SR)  Disper. corr.   Coulomb (SR)
    3.10706e+03    5.02843e+04    6.50085e+04   -3.99632e+03   -6.68180e+05
   Coul. recip.      Potential    Kinetic En.   Total Energy  Conserved En.
    2.01237e+03   -5.32700e+05    1.01407e+05   -4.31294e+05   -4.31063e+05
    Temperature Pres. DC (bar) Pressure (bar)   Constr. rmsd
    2.99265e+02   -1.67427e+02   -2.28909e+02    3.12147e-06

           Step           Time
          35000       70.00000

   Energies (kJ/mol)
           Bond            U-B    Proper Dih.  Improper Dih.      CMAP Dih.
    3.53229e+03    9.97631e+03    6.49649e+03    6.38012e+02   -1.60698e+03
          LJ-14     Coulomb-14        LJ (SR)  Disper. corr.   Coulomb (SR)
    3.13461e+03    5.04850e+04    6.76113e+04   -4.02472e+03   -6.72386e+05
   Coul. recip.      Potential    Kinetic En.   Total Energy  Conserved En.
    1.97805e+03   -5.34166e+05    1.00883e+05   -4.33283e+05   -4.30559e+05
    Temperature Pres. DC (bar) Pressure (bar)   Constr. rmsd
    2.97720e+02   -1.69813e+02    1.22447e+02    2.95307e-06

           Step           Time
          36000       72.00000

   Energies (kJ/mol)
           Bond            U-B    Proper Dih.  Improper Dih.      CMAP Dih.
    3.69666e+03    1.01406e+04    6.44750e+03    5.94852e+02   -1.60830e+03
          LJ-14     Coulomb-14        LJ (SR)  Disper. corr.   Coulomb (SR)
    3.18913e+03    5.04336e+04    6.62986e+04   -4.03067e+03   -6.70853e+05
   Coul. recip.      Potential    Kinetic En.   Total Energy  Conserved En.
    2.02408e+03   -5.33667e+05    1.01968e+05   -4.31699e+05   -4.30429e+05
    Temperature Pres. DC (bar) Pressure (bar)   Constr. rmsd
    3.00924e+02   -1.70315e+02    3.58255e+01    3.13865e-06

           Step           Time
          37000       74.00000

   Energies (kJ/mol)
           Bond            U-B    Proper Dih.  Improper Dih.      CMAP Dih.
    3.51700e+03    9.87429e+03    6.33769e+03    5.89346e+02   -1.56880e+03
          LJ-14     Coulomb-14        LJ (SR)  Disper. corr.   Coulomb (SR)
    3.07537e+03    5.05742e+04    6.54509e+04   -4.04072e+03   -6.70749e+05
   Coul. recip.      Potential    Kinetic En.   Total Energy  Conserved En.
    1.99127e+03   -5.34948e+05    1.01922e+05   -4.33026e+05   -4.30271e+05
    Temperature Pres. DC (bar) Pressure (bar)   Constr. rmsd
    3.00787e+02   -1.71165e+02   -4.98810e+01    3.10297e-06

           Step           Time
          38000       76.00000

   Energies (kJ/mol)
           Bond            U-B    Proper Dih.  Improper Dih.      CMAP Dih.
    3.66453e+03    1.00516e+04    6.47400e+03    5.56896e+02   -1.60600e+03
          LJ-14     Coulomb-14        LJ (SR)  Disper. corr.   Coulomb (SR)
    3.13595e+03    5.02463e+04    6.52781e+04   -4.03122e+03   -6.69657e+05
   Coul. recip.      Potential    Kinetic En.   Total Energy  Conserved En.
    2.00017e+03   -5.33887e+05    1.01657e+05   -4.32230e+05   -4.30389e+05
    Temperature Pres. DC (bar) Pressure (bar)   Constr. rmsd
    3.00004e+02   -1.70362e+02   -5.67933e+01    3.13743e-06

           Step           Time
          39000       78.00000

   Energies (kJ/mol)
           Bond            U-B    Proper Dih.  Improper Dih.      CMAP Dih.
    3.55330e+03    1.00557e+04    6.31713e+03    5.98318e+02   -1.53149e+03
          LJ-14     Coulomb-14        LJ (SR)  Disper. corr.   Coulomb (SR)
    3.11912e+03    5.04786e+04    6.62164e+04   -4.02541e+03   -6.71118e+05
   Coul. recip.      Potential    Kinetic En.   Total Energy  Conserved En.
    1.97708e+03   -5.34360e+05    1.01576e+05   -4.32783e+05   -4.30462e+05
    Temperature Pres. DC (bar) Pressure (bar)   Constr. rmsd
    2.99766e+02   -1.69871e+02    8.78020e+01    3.24374e-06

           Step           Time
          40000       80.00000

   Energies (kJ/mol)
           Bond            U-B    Proper Dih.  Improper Dih.      CMAP Dih.
    3.47600e+03    9.99526e+03    6.49496e+03    5.96612e+02   -1.57774e+03
          LJ-14     Coulomb-14        LJ (SR)  Disper. corr.   Coulomb (SR)
    3.17820e+03    5.06763e+04    6.64237e+04   -4.02440e+03   -6.71158e+05
   Coul. recip.      Potential    Kinetic En.   Total Energy  Conserved En.
    2.00943e+03   -5.33910e+05    1.01182e+05   -4.32728e+05   -4.30458e+05
    Temperature Pres. DC (bar) Pressure (bar)   Constr. rmsd
    2.98602e+02   -1.69786e+02    1.10597e+02    3.12205e-06

           Step           Time
          41000       82.00000

   Energies (kJ/mol)
           Bond            U-B    Proper Dih.  Improper Dih.      CMAP Dih.
    3.56222e+03    9.92992e+03    6.40885e+03    5.98226e+02   -1.63841e+03
          LJ-14     Coulomb-14        LJ (SR)  Disper. corr.   Coulomb (SR)
    3.05028e+03    5.03792e+04    6.64236e+04   -4.02401e+03   -6.70743e+05
   Coul. recip.      Potential    Kinetic En.   Total Energy  Conserved En.
    2.00139e+03   -5.34052e+05    1.01631e+05   -4.32421e+05   -4.30447e+05
    Temperature Pres. DC (bar) Pressure (bar)   Constr. rmsd
    2.99927e+02   -1.69754e+02   -6.16141e+01    3.03419e-06

           Step           Time
          42000       84.00000

   Energies (kJ/mol)
           Bond            U-B    Proper Dih.  Improper Dih.      CMAP Dih.
    3.59263e+03    9.85453e+03    6.34149e+03    6.00744e+02   -1.61649e+03
          LJ-14     Coulomb-14        LJ (SR)  Disper. corr.   Coulomb (SR)
    3.20972e+03    5.07538e+04    6.64398e+04   -4.02292e+03   -6.72290e+05
   Coul. recip.      Potential    Kinetic En.   Total Energy  Conserved En.
    2.06180e+03   -5.35075e+05    1.01186e+05   -4.33889e+05   -4.30414e+05
    Temperature Pres. DC (bar) Pressure (bar)   Constr. rmsd
    2.98615e+02   -1.69662e+02   -3.42848e+01    3.03323e-06

           Step           Time
          43000       86.00000

   Energies (kJ/mol)
           Bond            U-B    Proper Dih.  Improper Dih.      CMAP Dih.
    3.58521e+03    9.88091e+03    6.36096e+03    6.20461e+02   -1.63473e+03
          LJ-14     Coulomb-14        LJ (SR)  Disper. corr.   Coulomb (SR)
    3.11780e+03    5.05865e+04    6.71579e+04   -4.01407e+03   -6.71793e+05
   Coul. recip.      Potential    Kinetic En.   Total Energy  Conserved En.
    2.01155e+03   -5.34120e+05    1.02072e+05   -4.32049e+05   -4.30591e+05
    Temperature Pres. DC (bar) Pressure (bar)   Constr. rmsd
    3.01228e+02   -1.68917e+02    7.16723e+01    3.31225e-06

           Step           Time
          44000       88.00000

   Energies (kJ/mol)
           Bond            U-B    Proper Dih.  Improper Dih.      CMAP Dih.
    3.60303e+03    9.91691e+03    6.47070e+03    6.36201e+02   -1.68790e+03
          LJ-14     Coulomb-14        LJ (SR)  Disper. corr.   Coulomb (SR)
    3.06969e+03    5.04641e+04    6.71973e+04   -4.01870e+03   -6.71665e+05
   Coul. recip.      Potential    Kinetic En.   Total Energy  Conserved En.
    1.96350e+03   -5.34051e+05    1.01794e+05   -4.32256e+05   -4.30472e+05
    Temperature Pres. DC (bar) Pressure (bar)   Constr. rmsd
    3.00409e+02   -1.69307e+02    1.95800e+01    3.15726e-06

           Step           Time
          45000       90.00000

   Energies (kJ/mol)
           Bond            U-B    Proper Dih.  Improper Dih.      CMAP Dih.
    3.45336e+03    1.00632e+04    6.48790e+03    6.16359e+02   -1.66635e+03
          LJ-14     Coulomb-14        LJ (SR)  Disper. corr.   Coulomb (SR)
    3.11838e+03    5.07161e+04    6.64252e+04   -4.02588e+03   -6.72127e+05
   Coul. recip.      Potential    Kinetic En.   Total Energy  Conserved En.
    1.99533e+03   -5.34944e+05    1.01996e+05   -4.32947e+05   -4.30327e+05
    Temperature Pres. DC (bar) Pressure (bar)   Constr. rmsd
    3.01006e+02   -1.69911e+02    1.22952e+02    3.07759e-06

           Step           Time
          46000       92.00000

   Energies (kJ/mol)
           Bond            U-B    Proper Dih.  Improper Dih.      CMAP Dih.
    3.44729e+03    1.00132e+04    6.37332e+03    5.76180e+02   -1.55782e+03
          LJ-14     Coulomb-14        LJ (SR)  Disper. corr.   Coulomb (SR)
    3.19403e+03    5.05721e+04    6.73962e+04   -4.02296e+03   -6.71923e+05
   Coul. recip.      Potential    Kinetic En.   Total Energy  Conserved En.
    2.03962e+03   -5.33891e+05    1.01305e+05   -4.32586e+05   -4.30339e+05
    Temperature Pres. DC (bar) Pressure (bar)   Constr. rmsd
    2.98966e+02   -1.69665e+02    2.11012e+02    3.09173e-06

           Step           Time
          47000       94.00000

   Energies (kJ/mol)
           Bond            U-B    Proper Dih.  Improper Dih.      CMAP Dih.
    3.61334e+03    9.78295e+03    6.42579e+03    6.49016e+02   -1.56779e+03
          LJ-14     Coulomb-14        LJ (SR)  Disper. corr.   Coulomb (SR)
    3.04059e+03    5.04737e+04    6.68308e+04   -4.02326e+03   -6.71437e+05
   Coul. recip.      Potential    Kinetic En.   Total Energy  Conserved En.
    2.05733e+03   -5.34154e+05    1.01141e+05   -4.33014e+05   -4.30349e+05
    Temperature Pres. DC (bar) Pressure (bar)   Constr. rmsd
    2.98481e+02   -1.69691e+02    1.33103e+02    2.97673e-06

           Step           Time
          48000       96.00000

   Energies (kJ/mol)
           Bond            U-B    Proper Dih.  Improper Dih.      CMAP Dih.
    3.35178e+03    9.75326e+03    6.40267e+03    5.95765e+02   -1.61613e+03
          LJ-14     Coulomb-14        LJ (SR)  Disper. corr.   Coulomb (SR)
    3.19196e+03    5.05642e+04    6.48816e+04   -4.01797e+03   -6.69250e+05
   Coul. recip.      Potential    Kinetic En.   Total Energy  Conserved En.
    2.05821e+03   -5.34085e+05    1.01448e+05   -4.32636e+05   -4.30426e+05
    Temperature Pres. DC (bar) Pressure (bar)   Constr. rmsd
    2.99388e+02   -1.69245e+02    6.17709e+00    3.13777e-06

           Step           Time
          49000       98.00000

   Energies (kJ/mol)
           Bond            U-B    Proper Dih.  Improper Dih.      CMAP Dih.
    3.62581e+03    9.54431e+03    6.37204e+03    6.24279e+02   -1.70073e+03
          LJ-14     Coulomb-14        LJ (SR)  Disper. corr.   Coulomb (SR)
    3.11546e+03    5.04324e+04    6.58112e+04   -4.01550e+03   -6.69430e+05
   Coul. recip.      Potential    Kinetic En.   Total Energy  Conserved En.
    2.04758e+03   -5.33573e+05    1.01075e+05   -4.32498e+05   -4.30422e+05
    Temperature Pres. DC (bar) Pressure (bar)   Constr. rmsd
    2.98286e+02   -1.69037e+02   -1.64230e+02    3.17182e-06

           Step           Time
          50000      100.00000

Writing checkpoint, step 50000 at Tue Oct 12 13:55:26 2021


   Energies (kJ/mol)
           Bond            U-B    Proper Dih.  Improper Dih.      CMAP Dih.
    3.62254e+03    9.82327e+03    6.41010e+03    5.96106e+02   -1.64776e+03
          LJ-14     Coulomb-14        LJ (SR)  Disper. corr.   Coulomb (SR)
    3.04480e+03    5.04046e+04    6.67057e+04   -4.03205e+03   -6.70863e+05
   Coul. recip.      Potential    Kinetic En.   Total Energy  Conserved En.
    2.02512e+03   -5.33911e+05    1.02232e+05   -4.31679e+05   -4.30140e+05
    Temperature Pres. DC (bar) Pressure (bar)   Constr. rmsd
    3.01700e+02   -1.70432e+02    7.88164e+00    3.17208e-06


Energy conservation over simulation part #1 of length 100 ns, time 0 to 100 ns
  Conserved energy drift: 3.30e-04 kJ/mol/ps per atom


	<======  ###############  ==>
	<====  A V E R A G E S  ====>
	<==  ###############  ======>

	Statistics over 50001 steps using 501 frames

   Energies (kJ/mol)
           Bond            U-B    Proper Dih.  Improper Dih.      CMAP Dih.
    3.58010e+03    9.86227e+03    6.39451e+03    6.13791e+02   -1.58326e+03
          LJ-14     Coulomb-14        LJ (SR)  Disper. corr.   Coulomb (SR)
    3.12239e+03    5.04960e+04    6.62695e+04   -4.01650e+03   -6.70544e+05
   Coul. recip.      Potential    Kinetic En.   Total Energy  Conserved En.
    2.01675e+03   -5.33789e+05    1.01687e+05   -4.32102e+05   -4.30870e+05
    Temperature Pres. DC (bar) Pressure (bar)   Constr. rmsd
    3.00093e+02   -1.69123e+02   -7.36208e+00    0.00000e+00

          Box-X          Box-Y          Box-Z
    8.23377e+00    8.23377e+00    5.82215e+00

   Total Virial (kJ/mol)
    3.40254e+04    1.18043e+01    5.15497e+01
    1.18506e+01    3.41239e+04    1.22709e+01
    5.17492e+01    1.23602e+01    3.38049e+04

   Pressure (bar)
   -1.01609e+01   -3.30418e+00   -4.32851e+00
   -3.30809e+00   -1.93477e+01    3.86308e-01
   -4.34527e+00    3.78834e-01    7.42233e+00


	M E G A - F L O P S   A C C O U N T I N G

 NB=Group-cutoff nonbonded kernels    NxN=N-by-N cluster Verlet kernels
 RF=Reaction-Field  VdW=Van der Waals  QSTab=quadratic-spline table
 W3=SPC/TIP3p  W4=TIP4p (single or pairs)
 V&F=Potential and force  V=Potential only  F=Force only

 Computing:                               M-Number         M-Flops  % Flops
-----------------------------------------------------------------------------
 Pair Search distance check           12872.688124      115854.193     0.1
 NxN Ewald Elec. + LJ [F]            990515.384224    77260199.969    59.6
 NxN Ewald Elec. + LJ [V&F]           10025.413744     1293278.373     1.0
 NxN Ewald Elec. [F]                 757388.462688    46200696.224    35.6
 NxN Ewald Elec. [V&F]                 7665.775312      643925.126     0.5
 1,4 nonbonded interactions             579.061581       52115.542     0.0
 Calc Weights                          5940.118800      213844.277     0.2
 Spread Q Bspline                    126722.534400      253445.069     0.2
 Gather F Bspline                    126722.534400      760335.206     0.6
 3D-FFT                              305965.419186     2447723.353     1.9
 Solve PME                              156.803136       10035.401     0.0
 Shift-X                                 24.789600         148.738     0.0
 Bonds                                  114.102282        6732.035     0.0
 Propers                                485.659713      111216.074     0.1
 Impropers                               36.850737        7664.953     0.0
 Virial                                 198.264645        3568.764     0.0
 Stop-CM                                 19.839600         198.396     0.0
 P-Coupling                             198.039600        1188.238     0.0
 Calc-Ekin                              396.079200       10694.138     0.0
 Lincs                                  108.952179        6537.131     0.0
 Lincs-Mat                              552.011040        2208.044     0.0
 Constraint-V                          1973.389467       17760.505     0.0
 Constraint-Vir                         186.477288        4475.455     0.0
 Settle                                 585.161703      216509.830     0.2
 CMAP                                    14.100282       23970.479     0.0
 Urey-Bradley                           401.358027       73448.519     0.1
-----------------------------------------------------------------------------
 Total                                               129737774.033   100.0
-----------------------------------------------------------------------------


     R E A L   C Y C L E   A N D   T I M E   A C C O U N T I N G

On 1 MPI rank, each using 8 OpenMP threads

 Computing:          Num   Num      Call    Wall time         Giga-Cycles
                     Ranks Threads  Count      (s)         total sum    %
-----------------------------------------------------------------------------
 Neighbor search        1    8        626       5.824         97.839   1.6
 Force                  1    8      50001     307.443       5164.997  83.9
 PME mesh               1    8      50001      43.812        736.039  12.0
 NB X/F buffer ops.     1    8      99376       3.804         63.898   1.0
 Write traj.            1    8         21       0.179          3.002   0.0
 Update                 1    8      50001       1.414         23.757   0.4
 Constraints            1    8      50001       2.970         49.888   0.8
 Rest                                           0.899         15.096   0.2
-----------------------------------------------------------------------------
 Total                                        366.344       6154.516 100.0
-----------------------------------------------------------------------------
 Breakdown of PME mesh computation
-----------------------------------------------------------------------------
 PME spread             1    8      50001      18.523        311.181   5.1
 PME gather             1    8      50001      11.442        192.222   3.1
 PME 3D-FFT             1    8     100002      12.180        204.622   3.3
 PME solve Elec         1    8      50001       1.556         26.139   0.4
-----------------------------------------------------------------------------

               Core t (s)   Wall t (s)        (%)
       Time:     2930.748      366.344      800.0
                 (ns/day)    (hour/ns)
Performance:       23.585        1.018
Finished mdrun on rank 0 Tue Oct 12 13:55:26 2021

