                       :-) GROMACS - gmx mdrun, 2021 (-:

                            GROMACS is written by:
     Andrey Alekseenko              Emile Apol              Rossen Apostolov     
         Paul Bauer           Herman J.C. Berendsen           Par Bjelkmar       
       Christian Blau           Viacheslav Bolnykh             Kevin Boyd        
     Aldert van Buuren           Rudi van Drunen             Anton Feenstra      
    Gilles Gouaillardet             Alan Gray               Gerrit Groenhof      
       Anca Hamuraru            Vincent Hindriksen          M. Eric Irrgang      
      Aleksei Iupinov           Christoph Junghans             Joe Jordan        
    Dimitrios Karkoulis            Peter Kasson                Jiri Kraus        
      Carsten Kutzner              Per Larsson              Justin A. Lemkul     
       Viveca Lindahl            Magnus Lundborg             Erik Marklund       
        Pascal Merz             Pieter Meulenhoff            Teemu Murtola       
        Szilard Pall               Sander Pronk              Roland Schulz       
       Michael Shirts            Alexey Shvetsov             Alfons Sijbers      
       Peter Tieleman              Jon Vincent              Teemu Virolainen     
     Christian Wennberg            Maarten Wolf              Artem Zhmurov       
                           and the project leaders:
        Mark Abraham, Berk Hess, Erik Lindahl, and David van der Spoel

Copyright (c) 1991-2000, University of Groningen, The Netherlands.
Copyright (c) 2001-2019, The GROMACS development team at
Uppsala University, Stockholm University and
the Royal Institute of Technology, Sweden.
check out http://www.gromacs.org for more information.

GROMACS is free software; you can redistribute it and/or modify it
under the terms of the GNU Lesser General Public License
as published by the Free Software Foundation; either version 2.1
of the License, or (at your option) any later version.

GROMACS:      gmx mdrun, version 2021
Executable:   /usr/local/gromacs/bin/gmx
Data prefix:  /usr/local/gromacs
Working dir:  /users/dmorozov/tutorials/md-intro-tutorial-main/data
Process ID:   264607
Command line:
  gmx mdrun -nt 8 -v -deffnm nvt

GROMACS version:    2021
Verified release checksum is 3e06a5865d6ff726fc417dea8d55afd37ac3cbb94c02c54c76d7a881c49c5dd8
Precision:          mixed
Memory model:       64 bit
MPI library:        thread_mpi
OpenMP support:     enabled (GMX_OPENMP_MAX_THREADS = 64)
GPU support:        disabled
SIMD instructions:  AVX2_256
FFT library:        fftw-3.3.8-sse2-avx
RDTSCP usage:       disabled
TNG support:        enabled
Hwloc support:      disabled
Tracing support:    disabled
C compiler:         /usr/bin/cc GNU 10.3.0
C compiler flags:   -mavx2 -mfma -Wno-missing-field-initializers -fexcess-precision=fast -funroll-all-loops -O3 -DNDEBUG
C++ compiler:       /usr/bin/c++ GNU 10.3.0
C++ compiler flags: -mavx2 -mfma -Wno-missing-field-initializers -fexcess-precision=fast -funroll-all-loops -fopenmp -O3 -DNDEBUG


Running on 1 node with total 40 cores, 40 logical cores
Hardware detected:
  CPU info:
    Vendor: Intel
    Brand:  Intel(R) Xeon(R) Gold 6230 CPU @ 2.10GHz
    Family: 6   Model: 85   Stepping: 7
    Features: aes apic avx avx2 avx512f avx512cd avx512bw avx512vl avx512secondFMA clfsh cmov cx8 cx16 f16c fma hle htt intel lahf mmx msr nonstop_tsc pcid pclmuldq pdcm pdpe1gb popcnt pse rdrnd rdtscp rtm sse2 sse3 sse4.1 sse4.2 ssse3 tdt x2apic
    Number of AVX-512 FMA units: 2
  Hardware topology: Only logical processor count

Highest SIMD level requested by all nodes in run: AVX_512
SIMD instructions selected at compile time:       AVX2_256
This program was compiled for different hardware than you are running on,
which could influence performance. This build might have been configured on a
login node with only a single AVX-512 FMA unit (in which case AVX2 is faster),
while the node you are running on has dual AVX-512 FMA units.
The current CPU can measure timings more accurately than the code in
gmx mdrun was configured to use. This might affect your simulation
speed as accurate timings are needed for load-balancing.
Please consider rebuilding gmx mdrun with the GMX_USE_RDTSCP=ON CMake option.

++++ PLEASE READ AND CITE THE FOLLOWING REFERENCE ++++
M. J. Abraham, T. Murtola, R. Schulz, S. Páll, J. C. Smith, B. Hess, E.
Lindahl
GROMACS: High performance molecular simulations through multi-level
parallelism from laptops to supercomputers
SoftwareX 1 (2015) pp. 19-25
-------- -------- --- Thank You --- -------- --------


++++ PLEASE READ AND CITE THE FOLLOWING REFERENCE ++++
S. Páll, M. J. Abraham, C. Kutzner, B. Hess, E. Lindahl
Tackling Exascale Software Challenges in Molecular Dynamics Simulations with
GROMACS
In S. Markidis & E. Laure (Eds.), Solving Software Challenges for Exascale 8759 (2015) pp. 3-27
-------- -------- --- Thank You --- -------- --------


++++ PLEASE READ AND CITE THE FOLLOWING REFERENCE ++++
S. Pronk, S. Páll, R. Schulz, P. Larsson, P. Bjelkmar, R. Apostolov, M. R.
Shirts, J. C. Smith, P. M. Kasson, D. van der Spoel, B. Hess, and E. Lindahl
GROMACS 4.5: a high-throughput and highly parallel open source molecular
simulation toolkit
Bioinformatics 29 (2013) pp. 845-54
-------- -------- --- Thank You --- -------- --------


++++ PLEASE READ AND CITE THE FOLLOWING REFERENCE ++++
B. Hess and C. Kutzner and D. van der Spoel and E. Lindahl
GROMACS 4: Algorithms for highly efficient, load-balanced, and scalable
molecular simulation
J. Chem. Theory Comput. 4 (2008) pp. 435-447
-------- -------- --- Thank You --- -------- --------


++++ PLEASE READ AND CITE THE FOLLOWING REFERENCE ++++
D. van der Spoel, E. Lindahl, B. Hess, G. Groenhof, A. E. Mark and H. J. C.
Berendsen
GROMACS: Fast, Flexible and Free
J. Comp. Chem. 26 (2005) pp. 1701-1719
-------- -------- --- Thank You --- -------- --------


++++ PLEASE READ AND CITE THE FOLLOWING REFERENCE ++++
E. Lindahl and B. Hess and D. van der Spoel
GROMACS 3.0: A package for molecular simulation and trajectory analysis
J. Mol. Mod. 7 (2001) pp. 306-317
-------- -------- --- Thank You --- -------- --------


++++ PLEASE READ AND CITE THE FOLLOWING REFERENCE ++++
H. J. C. Berendsen, D. van der Spoel and R. van Drunen
GROMACS: A message-passing parallel molecular dynamics implementation
Comp. Phys. Comm. 91 (1995) pp. 43-56
-------- -------- --- Thank You --- -------- --------


++++ PLEASE CITE THE DOI FOR THIS VERSION OF GROMACS ++++
https://doi.org/10.5281/zenodo.4457626
-------- -------- --- Thank You --- -------- --------

Input Parameters:
   integrator                     = md
   tinit                          = 0
   dt                             = 0.002
   nsteps                         = 50000
   init-step                      = 0
   simulation-part                = 1
   mts                            = false
   comm-mode                      = Linear
   nstcomm                        = 100
   bd-fric                        = 0
   ld-seed                        = -542117921
   emtol                          = 10
   emstep                         = 0.01
   niter                          = 20
   fcstep                         = 0
   nstcgsteep                     = 1000
   nbfgscorr                      = 10
   rtpi                           = 0.05
   nstxout                        = 0
   nstvout                        = 0
   nstfout                        = 0
   nstlog                         = 1000
   nstcalcenergy                  = 100
   nstenergy                      = 500
   nstxout-compressed             = 0
   compressed-x-precision         = 1000
   cutoff-scheme                  = Verlet
   nstlist                        = 10
   pbc                            = xyz
   periodic-molecules             = false
   verlet-buffer-tolerance        = 0.005
   rlist                          = 1.2
   coulombtype                    = PME
   coulomb-modifier               = Potential-shift
   rcoulomb-switch                = 0
   rcoulomb                       = 1.2
   epsilon-r                      = 1
   epsilon-rf                     = inf
   vdw-type                       = Cut-off
   vdw-modifier                   = Force-switch
   rvdw-switch                    = 1
   rvdw                           = 1.2
   DispCorr                       = EnerPres
   table-extension                = 1
   fourierspacing                 = 0.15
   fourier-nx                     = 56
   fourier-ny                     = 56
   fourier-nz                     = 56
   pme-order                      = 4
   ewald-rtol                     = 1e-05
   ewald-rtol-lj                  = 0.001
   lj-pme-comb-rule               = Geometric
   ewald-geometry                 = 0
   epsilon-surface                = 0
   tcoupl                         = V-rescale
   nsttcouple                     = 10
   nh-chain-length                = 0
   print-nose-hoover-chain-variables = false
   pcoupl                         = No
   pcoupltype                     = Isotropic
   nstpcouple                     = -1
   tau-p                          = 1
   compressibility (3x3):
      compressibility[    0]={ 0.00000e+00,  0.00000e+00,  0.00000e+00}
      compressibility[    1]={ 0.00000e+00,  0.00000e+00,  0.00000e+00}
      compressibility[    2]={ 0.00000e+00,  0.00000e+00,  0.00000e+00}
   ref-p (3x3):
      ref-p[    0]={ 0.00000e+00,  0.00000e+00,  0.00000e+00}
      ref-p[    1]={ 0.00000e+00,  0.00000e+00,  0.00000e+00}
      ref-p[    2]={ 0.00000e+00,  0.00000e+00,  0.00000e+00}
   refcoord-scaling               = No
   posres-com (3):
      posres-com[0]= 0.00000e+00
      posres-com[1]= 0.00000e+00
      posres-com[2]= 0.00000e+00
   posres-comB (3):
      posres-comB[0]= 0.00000e+00
      posres-comB[1]= 0.00000e+00
      posres-comB[2]= 0.00000e+00
   QMMM                           = false
qm-opts:
   ngQM                           = 0
   constraint-algorithm           = Lincs
   continuation                   = false
   Shake-SOR                      = false
   shake-tol                      = 0.0001
   lincs-order                    = 4
   lincs-iter                     = 1
   lincs-warnangle                = 30
   nwall                          = 0
   wall-type                      = 9-3
   wall-r-linpot                  = -1
   wall-atomtype[0]               = -1
   wall-atomtype[1]               = -1
   wall-density[0]                = 0
   wall-density[1]                = 0
   wall-ewald-zfac                = 3
   pull                           = false
   awh                            = false
   rotation                       = false
   interactiveMD                  = false
   disre                          = No
   disre-weighting                = Conservative
   disre-mixed                    = false
   dr-fc                          = 1000
   dr-tau                         = 0
   nstdisreout                    = 100
   orire-fc                       = 0
   orire-tau                      = 0
   nstorireout                    = 100
   free-energy                    = no
   cos-acceleration               = 0
   deform (3x3):
      deform[    0]={ 0.00000e+00,  0.00000e+00,  0.00000e+00}
      deform[    1]={ 0.00000e+00,  0.00000e+00,  0.00000e+00}
      deform[    2]={ 0.00000e+00,  0.00000e+00,  0.00000e+00}
   simulated-tempering            = false
   swapcoords                     = no
   userint1                       = 0
   userint2                       = 0
   userint3                       = 0
   userint4                       = 0
   userreal1                      = 0
   userreal2                      = 0
   userreal3                      = 0
   userreal4                      = 0
   applied-forces:
     electric-field:
       x:
         E0                       = 0
         omega                    = 0
         t0                       = 0
         sigma                    = 0
       y:
         E0                       = 0
         omega                    = 0
         t0                       = 0
         sigma                    = 0
       z:
         E0                       = 0
         omega                    = 0
         t0                       = 0
         sigma                    = 0
     density-guided-simulation:
       active                     = false
       group                      = protein
       similarity-measure         = inner-product
       atom-spreading-weight      = unity
       force-constant             = 1e+09
       gaussian-transform-spreading-width = 0.2
       gaussian-transform-spreading-range-in-multiples-of-width = 4
       reference-density-filename = reference.mrc
       nst                        = 1
       normalize-densities        = true
       adaptive-force-scaling     = false
       adaptive-force-scaling-time-constant = 4
       shift-vector               = 
       transformation-matrix      = 
grpopts:
   nrdf:       81509
   ref-t:         300
   tau-t:         0.1
annealing:          No
annealing-npoints:           0
   acc:	           0           0           0
   nfreeze:           N           N           N
   energygrp-flags[  0]: 0

Changing nstlist from 10 to 80, rlist from 1.2 to 1.315


Using 1 MPI thread

Non-default thread affinity set, disabling internal thread affinity

Using 8 OpenMP threads 

System total charge: 0.000
Will do PME sum in reciprocal space for electrostatic interactions.

++++ PLEASE READ AND CITE THE FOLLOWING REFERENCE ++++
U. Essmann, L. Perera, M. L. Berkowitz, T. Darden, H. Lee and L. G. Pedersen 
A smooth particle mesh Ewald method
J. Chem. Phys. 103 (1995) pp. 8577-8592
-------- -------- --- Thank You --- -------- --------

Using a Gaussian width (1/beta) of 0.384195 nm for Ewald
Potential shift: LJ r^-12: -2.648e-01 r^-6: -5.349e-01, Ewald -8.333e-06
Initialized non-bonded Ewald tables, spacing: 1.02e-03 size: 1176

Generated table with 1157 data points for 1-4 COUL.
Tabscale = 500 points/nm
Generated table with 1157 data points for 1-4 LJ6.
Tabscale = 500 points/nm
Generated table with 1157 data points for 1-4 LJ12.
Tabscale = 500 points/nm
Long Range LJ corr.: <C6> 3.3264e-04


Using SIMD 4x8 nonbonded short-range kernels

Using a dual 4x8 pair-list setup updated with dynamic pruning:
  outer list: updated every 80 steps, buffer 0.115 nm, rlist 1.315 nm
  inner list: updated every 14 steps, buffer 0.003 nm, rlist 1.203 nm
At tolerance 0.005 kJ/mol/ps per atom, equivalent classical 1x1 list would be:
  outer list: updated every 80 steps, buffer 0.260 nm, rlist 1.460 nm
  inner list: updated every 14 steps, buffer 0.056 nm, rlist 1.256 nm
Removing pbc first time

Initializing LINear Constraint Solver

++++ PLEASE READ AND CITE THE FOLLOWING REFERENCE ++++
B. Hess and H. Bekker and H. J. C. Berendsen and J. G. E. M. Fraaije
LINCS: A Linear Constraint Solver for molecular simulations
J. Comp. Chem. 18 (1997) pp. 1463-1472
-------- -------- --- Thank You --- -------- --------

The number of constraints is 2179

++++ PLEASE READ AND CITE THE FOLLOWING REFERENCE ++++
S. Miyamoto and P. A. Kollman
SETTLE: An Analytical Version of the SHAKE and RATTLE Algorithms for Rigid
Water Models
J. Comp. Chem. 13 (1992) pp. 952-962
-------- -------- --- Thank You --- -------- --------


++++ PLEASE READ AND CITE THE FOLLOWING REFERENCE ++++
G. Bussi, D. Donadio and M. Parrinello
Canonical sampling through velocity rescaling
J. Chem. Phys. 126 (2007) pp. 014101
-------- -------- --- Thank You --- -------- --------

There are: 39600 Atoms

Constraining the starting coordinates (step 0)

Constraining the coordinates at t0-dt (step 0)
Center of mass motion removal mode is Linear
We have the following groups for center of mass motion removal:
  0:  rest
RMS relative constraint deviation after constraining: 2.99e-06
Initial temperature: 300.207 K

Started mdrun on rank 0 Tue Oct 12 13:33:09 2021

           Step           Time
              0        0.00000

   Energies (kJ/mol)
           Bond            U-B    Proper Dih.  Improper Dih.      CMAP Dih.
    9.14920e+02    3.07645e+03    5.42334e+03    1.48365e+02   -1.62888e+03
          LJ-14     Coulomb-14        LJ (SR)  Disper. corr.   Coulomb (SR)
    2.89932e+03    5.09205e+04    7.15061e+04   -3.96736e+03   -7.50521e+05
   Coul. recip. Position Rest.      Potential    Kinetic En.   Total Energy
    3.18788e+03    1.07764e-03   -6.18040e+05    1.01753e+05   -5.16287e+05
  Conserved En.    Temperature Pres. DC (bar) Pressure (bar)   Constr. rmsd
   -5.16287e+05    3.00289e+02   -1.65012e+02   -3.81616e+03    3.04429e-06

           Step           Time
           1000        2.00000

   Energies (kJ/mol)
           Bond            U-B    Proper Dih.  Improper Dih.      CMAP Dih.
    3.45811e+03    9.78066e+03    6.53826e+03    7.03711e+02   -1.52745e+03
          LJ-14     Coulomb-14        LJ (SR)  Disper. corr.   Coulomb (SR)
    3.22135e+03    5.08294e+04    6.61301e+04   -3.96736e+03   -6.67108e+05
   Coul. recip. Position Rest.      Potential    Kinetic En.   Total Energy
    2.10056e+03    1.17335e+03   -5.28667e+05    1.01806e+05   -4.26861e+05
  Conserved En.    Temperature Pres. DC (bar) Pressure (bar)   Constr. rmsd
   -5.15136e+05    3.00444e+02   -1.65012e+02   -4.51785e+02    3.22450e-06

           Step           Time
           2000        4.00000

   Energies (kJ/mol)
           Bond            U-B    Proper Dih.  Improper Dih.      CMAP Dih.
    3.65054e+03    9.82550e+03    6.54954e+03    6.23759e+02   -1.49785e+03
          LJ-14     Coulomb-14        LJ (SR)  Disper. corr.   Coulomb (SR)
    3.18583e+03    5.05216e+04    6.63485e+04   -3.96736e+03   -6.69097e+05
   Coul. recip. Position Rest.      Potential    Kinetic En.   Total Energy
    2.10418e+03    1.14141e+03   -5.30611e+05    1.02220e+05   -4.28391e+05
  Conserved En.    Temperature Pres. DC (bar) Pressure (bar)   Constr. rmsd
   -5.15138e+05    3.01665e+02   -1.65012e+02    2.82612e+02    3.22193e-06

           Step           Time
           3000        6.00000

   Energies (kJ/mol)
           Bond            U-B    Proper Dih.  Improper Dih.      CMAP Dih.
    3.60353e+03    1.00696e+04    6.57007e+03    6.81318e+02   -1.53031e+03
          LJ-14     Coulomb-14        LJ (SR)  Disper. corr.   Coulomb (SR)
    3.25383e+03    5.04567e+04    6.56826e+04   -3.96736e+03   -6.68185e+05
   Coul. recip. Position Rest.      Potential    Kinetic En.   Total Energy
    2.13745e+03    1.12624e+03   -5.30101e+05    1.01680e+05   -4.28421e+05
  Conserved En.    Temperature Pres. DC (bar) Pressure (bar)   Constr. rmsd
   -5.15118e+05    3.00072e+02   -1.65012e+02   -2.16231e+02    3.00491e-06

           Step           Time
           4000        8.00000

   Energies (kJ/mol)
           Bond            U-B    Proper Dih.  Improper Dih.      CMAP Dih.
    3.47302e+03    9.78874e+03    6.40709e+03    7.15323e+02   -1.51608e+03
          LJ-14     Coulomb-14        LJ (SR)  Disper. corr.   Coulomb (SR)
    3.23160e+03    5.10944e+04    6.63216e+04   -3.96736e+03   -6.69865e+05
   Coul. recip. Position Rest.      Potential    Kinetic En.   Total Energy
    2.04766e+03    1.20418e+03   -5.31065e+05    1.01357e+05   -4.29708e+05
  Conserved En.    Temperature Pres. DC (bar) Pressure (bar)   Constr. rmsd
   -5.15140e+05    2.99118e+02   -1.65012e+02   -2.49939e+02    3.38380e-06

           Step           Time
           5000       10.00000

   Energies (kJ/mol)
           Bond            U-B    Proper Dih.  Improper Dih.      CMAP Dih.
    3.57555e+03    9.82403e+03    6.47724e+03    6.59507e+02   -1.58736e+03
          LJ-14     Coulomb-14        LJ (SR)  Disper. corr.   Coulomb (SR)
    3.26142e+03    5.06106e+04    6.49299e+04   -3.96736e+03   -6.69729e+05
   Coul. recip. Position Rest.      Potential    Kinetic En.   Total Energy
    2.00882e+03    1.17105e+03   -5.32765e+05    1.01601e+05   -4.31165e+05
  Conserved En.    Temperature Pres. DC (bar) Pressure (bar)   Constr. rmsd
   -5.15134e+05    2.99838e+02   -1.65012e+02   -6.69829e+02    3.12052e-06

           Step           Time
           6000       12.00000

   Energies (kJ/mol)
           Bond            U-B    Proper Dih.  Improper Dih.      CMAP Dih.
    3.36171e+03    1.00269e+04    6.40431e+03    6.44817e+02   -1.53024e+03
          LJ-14     Coulomb-14        LJ (SR)  Disper. corr.   Coulomb (SR)
    3.31151e+03    5.08721e+04    6.52362e+04   -3.96736e+03   -6.68705e+05
   Coul. recip. Position Rest.      Potential    Kinetic En.   Total Energy
    2.14145e+03    1.08480e+03   -5.31119e+05    1.01489e+05   -4.29630e+05
  Conserved En.    Temperature Pres. DC (bar) Pressure (bar)   Constr. rmsd
   -5.15117e+05    2.99508e+02   -1.65012e+02   -2.94317e+02    3.08181e-06

           Step           Time
           7000       14.00000

   Energies (kJ/mol)
           Bond            U-B    Proper Dih.  Improper Dih.      CMAP Dih.
    3.58858e+03    9.75015e+03    6.34896e+03    6.09480e+02   -1.49762e+03
          LJ-14     Coulomb-14        LJ (SR)  Disper. corr.   Coulomb (SR)
    3.22608e+03    5.11017e+04    6.49263e+04   -3.96736e+03   -6.67881e+05
   Coul. recip. Position Rest.      Potential    Kinetic En.   Total Energy
    2.06382e+03    1.15306e+03   -5.30578e+05    1.01427e+05   -4.29151e+05
  Conserved En.    Temperature Pres. DC (bar) Pressure (bar)   Constr. rmsd
   -5.15125e+05    2.99325e+02   -1.65012e+02   -3.21551e+01    3.37313e-06

           Step           Time
           8000       16.00000

   Energies (kJ/mol)
           Bond            U-B    Proper Dih.  Improper Dih.      CMAP Dih.
    3.66274e+03    9.90776e+03    6.49811e+03    5.63722e+02   -1.51342e+03
          LJ-14     Coulomb-14        LJ (SR)  Disper. corr.   Coulomb (SR)
    3.26761e+03    5.08007e+04    6.61421e+04   -3.96736e+03   -6.70124e+05
   Coul. recip. Position Rest.      Potential    Kinetic En.   Total Energy
    2.08494e+03    1.18823e+03   -5.31489e+05    1.02105e+05   -4.29384e+05
  Conserved En.    Temperature Pres. DC (bar) Pressure (bar)   Constr. rmsd
   -5.15111e+05    3.01326e+02   -1.65012e+02   -3.62885e+02    3.21047e-06

           Step           Time
           9000       18.00000

   Energies (kJ/mol)
           Bond            U-B    Proper Dih.  Improper Dih.      CMAP Dih.
    3.46540e+03    9.95912e+03    6.46361e+03    6.42550e+02   -1.57256e+03
          LJ-14     Coulomb-14        LJ (SR)  Disper. corr.   Coulomb (SR)
    3.29284e+03    5.05972e+04    6.50699e+04   -3.96736e+03   -6.68909e+05
   Coul. recip. Position Rest.      Potential    Kinetic En.   Total Energy
    2.09498e+03    1.14631e+03   -5.31717e+05    1.03145e+05   -4.28573e+05
  Conserved En.    Temperature Pres. DC (bar) Pressure (bar)   Constr. rmsd
   -5.15127e+05    3.04395e+02   -1.65012e+02   -2.77226e+02    3.29258e-06

           Step           Time
          10000       20.00000

   Energies (kJ/mol)
           Bond            U-B    Proper Dih.  Improper Dih.      CMAP Dih.
    3.45811e+03    9.65903e+03    6.51898e+03    5.72084e+02   -1.56333e+03
          LJ-14     Coulomb-14        LJ (SR)  Disper. corr.   Coulomb (SR)
    3.14319e+03    5.09587e+04    6.55476e+04   -3.96736e+03   -6.68952e+05
   Coul. recip. Position Rest.      Potential    Kinetic En.   Total Energy
    2.06978e+03    1.09752e+03   -5.31458e+05    1.01225e+05   -4.30233e+05
  Conserved En.    Temperature Pres. DC (bar) Pressure (bar)   Constr. rmsd
   -5.15155e+05    2.98729e+02   -1.65012e+02   -6.76934e+02    2.92672e-06

           Step           Time
          11000       22.00000

   Energies (kJ/mol)
           Bond            U-B    Proper Dih.  Improper Dih.      CMAP Dih.
    3.44693e+03    9.59300e+03    6.52089e+03    5.96369e+02   -1.51021e+03
          LJ-14     Coulomb-14        LJ (SR)  Disper. corr.   Coulomb (SR)
    3.27295e+03    5.10234e+04    6.58415e+04   -3.96736e+03   -6.69280e+05
   Coul. recip. Position Rest.      Potential    Kinetic En.   Total Energy
    2.02046e+03    1.09564e+03   -5.31346e+05    1.02181e+05   -4.29166e+05
  Conserved En.    Temperature Pres. DC (bar) Pressure (bar)   Constr. rmsd
   -5.15134e+05    3.01550e+02   -1.65012e+02    5.22486e+02    3.12333e-06

           Step           Time
          12000       24.00000

   Energies (kJ/mol)
           Bond            U-B    Proper Dih.  Improper Dih.      CMAP Dih.
    3.50166e+03    9.83582e+03    6.47592e+03    6.31541e+02   -1.49153e+03
          LJ-14     Coulomb-14        LJ (SR)  Disper. corr.   Coulomb (SR)
    3.22557e+03    5.04347e+04    6.45127e+04   -3.96736e+03   -6.67634e+05
   Coul. recip. Position Rest.      Potential    Kinetic En.   Total Energy
    2.11993e+03    1.20597e+03   -5.31149e+05    1.02009e+05   -4.29140e+05
  Conserved En.    Temperature Pres. DC (bar) Pressure (bar)   Constr. rmsd
   -5.15146e+05    3.01044e+02   -1.65012e+02   -9.67682e+02    3.08238e-06

           Step           Time
          13000       26.00000

   Energies (kJ/mol)
           Bond            U-B    Proper Dih.  Improper Dih.      CMAP Dih.
    3.55201e+03    9.80072e+03    6.45045e+03    5.95922e+02   -1.47353e+03
          LJ-14     Coulomb-14        LJ (SR)  Disper. corr.   Coulomb (SR)
    3.27696e+03    5.09688e+04    6.45329e+04   -3.96736e+03   -6.67451e+05
   Coul. recip. Position Rest.      Potential    Kinetic En.   Total Energy
    2.12960e+03    1.12198e+03   -5.30463e+05    1.01540e+05   -4.28922e+05
  Conserved En.    Temperature Pres. DC (bar) Pressure (bar)   Constr. rmsd
   -5.15129e+05    2.99660e+02   -1.65012e+02   -3.83530e+02    2.86995e-06

           Step           Time
          14000       28.00000

   Energies (kJ/mol)
           Bond            U-B    Proper Dih.  Improper Dih.      CMAP Dih.
    3.45627e+03    9.75308e+03    6.37249e+03    6.21114e+02   -1.53048e+03
          LJ-14     Coulomb-14        LJ (SR)  Disper. corr.   Coulomb (SR)
    3.21387e+03    5.04536e+04    6.45702e+04   -3.96736e+03   -6.67559e+05
   Coul. recip. Position Rest.      Potential    Kinetic En.   Total Energy
    2.07379e+03    1.09003e+03   -5.31453e+05    1.02260e+05   -4.29193e+05
  Conserved En.    Temperature Pres. DC (bar) Pressure (bar)   Constr. rmsd
   -5.15159e+05    3.01783e+02   -1.65012e+02   -4.19980e+02    2.86652e-06

           Step           Time
          15000       30.00000

   Energies (kJ/mol)
           Bond            U-B    Proper Dih.  Improper Dih.      CMAP Dih.
    3.47899e+03    9.64574e+03    6.50013e+03    6.34443e+02   -1.58392e+03
          LJ-14     Coulomb-14        LJ (SR)  Disper. corr.   Coulomb (SR)
    3.25496e+03    5.09109e+04    6.53668e+04   -3.96736e+03   -6.67958e+05
   Coul. recip. Position Rest.      Potential    Kinetic En.   Total Energy
    2.06078e+03    1.08538e+03   -5.30572e+05    1.02040e+05   -4.28532e+05
  Conserved En.    Temperature Pres. DC (bar) Pressure (bar)   Constr. rmsd
   -5.15154e+05    3.01134e+02   -1.65012e+02    4.53274e+02    3.21447e-06

           Step           Time
          16000       32.00000

   Energies (kJ/mol)
           Bond            U-B    Proper Dih.  Improper Dih.      CMAP Dih.
    3.44300e+03    9.67695e+03    6.45492e+03    6.55371e+02   -1.54787e+03
          LJ-14     Coulomb-14        LJ (SR)  Disper. corr.   Coulomb (SR)
    3.21916e+03    5.08199e+04    6.51295e+04   -3.96736e+03   -6.68491e+05
   Coul. recip. Position Rest.      Potential    Kinetic En.   Total Energy
    2.10486e+03    1.10481e+03   -5.31397e+05    1.01462e+05   -4.29935e+05
  Conserved En.    Temperature Pres. DC (bar) Pressure (bar)   Constr. rmsd
   -5.15146e+05    2.99430e+02   -1.65012e+02   -3.57119e+02    3.14527e-06

           Step           Time
          17000       34.00000

   Energies (kJ/mol)
           Bond            U-B    Proper Dih.  Improper Dih.      CMAP Dih.
    3.46828e+03    9.66133e+03    6.40126e+03    5.64483e+02   -1.46483e+03
          LJ-14     Coulomb-14        LJ (SR)  Disper. corr.   Coulomb (SR)
    3.36800e+03    5.08917e+04    6.61273e+04   -3.96736e+03   -6.69402e+05
   Coul. recip. Position Rest.      Potential    Kinetic En.   Total Energy
    2.08784e+03    1.10116e+03   -5.31163e+05    1.02286e+05   -4.28876e+05
  Conserved En.    Temperature Pres. DC (bar) Pressure (bar)   Constr. rmsd
   -5.15140e+05    3.01862e+02   -1.65012e+02    3.57441e+02    2.99378e-06

           Step           Time
          18000       36.00000

   Energies (kJ/mol)
           Bond            U-B    Proper Dih.  Improper Dih.      CMAP Dih.
    3.40051e+03    9.69386e+03    6.42300e+03    6.16785e+02   -1.55176e+03
          LJ-14     Coulomb-14        LJ (SR)  Disper. corr.   Coulomb (SR)
    3.23816e+03    5.08552e+04    6.54878e+04   -3.96736e+03   -6.67923e+05
   Coul. recip. Position Rest.      Potential    Kinetic En.   Total Energy
    2.00169e+03    1.07084e+03   -5.30654e+05    1.00838e+05   -4.29817e+05
  Conserved En.    Temperature Pres. DC (bar) Pressure (bar)   Constr. rmsd
   -5.15140e+05    2.97586e+02   -1.65012e+02   -1.44159e+02    2.98274e-06

           Step           Time
          19000       38.00000

   Energies (kJ/mol)
           Bond            U-B    Proper Dih.  Improper Dih.      CMAP Dih.
    3.51247e+03    9.45423e+03    6.36600e+03    6.83712e+02   -1.53926e+03
          LJ-14     Coulomb-14        LJ (SR)  Disper. corr.   Coulomb (SR)
    3.19433e+03    5.07789e+04    6.63020e+04   -3.96736e+03   -6.68126e+05
   Coul. recip. Position Rest.      Potential    Kinetic En.   Total Energy
    2.06755e+03    1.15661e+03   -5.30116e+05    1.01961e+05   -4.28155e+05
  Conserved En.    Temperature Pres. DC (bar) Pressure (bar)   Constr. rmsd
   -5.15148e+05    3.00902e+02   -1.65012e+02    2.52508e+02    2.93761e-06

           Step           Time
          20000       40.00000

   Energies (kJ/mol)
           Bond            U-B    Proper Dih.  Improper Dih.      CMAP Dih.
    3.51193e+03    9.89230e+03    6.42675e+03    6.31304e+02   -1.53713e+03
          LJ-14     Coulomb-14        LJ (SR)  Disper. corr.   Coulomb (SR)
    3.18858e+03    5.07972e+04    6.53123e+04   -3.96736e+03   -6.68037e+05
   Coul. recip. Position Rest.      Potential    Kinetic En.   Total Energy
    2.06734e+03    1.08276e+03   -5.30631e+05    1.02167e+05   -4.28464e+05
  Conserved En.    Temperature Pres. DC (bar) Pressure (bar)   Constr. rmsd
   -5.15153e+05    3.01510e+02   -1.65012e+02   -3.70433e+02    3.25959e-06

           Step           Time
          21000       42.00000

   Energies (kJ/mol)
           Bond            U-B    Proper Dih.  Improper Dih.      CMAP Dih.
    3.48474e+03    9.62831e+03    6.42487e+03    6.01766e+02   -1.52296e+03
          LJ-14     Coulomb-14        LJ (SR)  Disper. corr.   Coulomb (SR)
    3.29788e+03    5.10531e+04    6.47986e+04   -3.96736e+03   -6.66852e+05
   Coul. recip. Position Rest.      Potential    Kinetic En.   Total Energy
    2.11823e+03    1.06699e+03   -5.29868e+05    1.00904e+05   -4.28963e+05
  Conserved En.    Temperature Pres. DC (bar) Pressure (bar)   Constr. rmsd
   -5.15136e+05    2.97783e+02   -1.65012e+02    1.72325e+02    3.12842e-06

           Step           Time
          22000       44.00000

   Energies (kJ/mol)
           Bond            U-B    Proper Dih.  Improper Dih.      CMAP Dih.
    3.66225e+03    9.81128e+03    6.41301e+03    5.80228e+02   -1.54202e+03
          LJ-14     Coulomb-14        LJ (SR)  Disper. corr.   Coulomb (SR)
    3.14651e+03    5.04266e+04    6.46024e+04   -3.96736e+03   -6.67148e+05
   Coul. recip. Position Rest.      Potential    Kinetic En.   Total Energy
    2.03698e+03    1.13154e+03   -5.30846e+05    1.01553e+05   -4.29293e+05
  Conserved En.    Temperature Pres. DC (bar) Pressure (bar)   Constr. rmsd
   -5.15136e+05    2.99697e+02   -1.65012e+02   -4.83460e+02    2.93884e-06

           Step           Time
          23000       46.00000

   Energies (kJ/mol)
           Bond            U-B    Proper Dih.  Improper Dih.      CMAP Dih.
    3.49843e+03    9.86257e+03    6.40931e+03    6.05301e+02   -1.56624e+03
          LJ-14     Coulomb-14        LJ (SR)  Disper. corr.   Coulomb (SR)
    3.25602e+03    5.08990e+04    6.49659e+04   -3.96736e+03   -6.67984e+05
   Coul. recip. Position Rest.      Potential    Kinetic En.   Total Energy
    2.02694e+03    1.14462e+03   -5.30850e+05    1.01357e+05   -4.29493e+05
  Conserved En.    Temperature Pres. DC (bar) Pressure (bar)   Constr. rmsd
   -5.15134e+05    2.99119e+02   -1.65012e+02   -7.14561e+02    3.10633e-06

           Step           Time
          24000       48.00000

   Energies (kJ/mol)
           Bond            U-B    Proper Dih.  Improper Dih.      CMAP Dih.
    3.56055e+03    9.67041e+03    6.46183e+03    6.52189e+02   -1.54808e+03
          LJ-14     Coulomb-14        LJ (SR)  Disper. corr.   Coulomb (SR)
    3.25184e+03    5.08300e+04    6.42831e+04   -3.96736e+03   -6.66543e+05
   Coul. recip. Position Rest.      Potential    Kinetic En.   Total Energy
    2.08212e+03    1.23535e+03   -5.30031e+05    1.01895e+05   -4.28136e+05
  Conserved En.    Temperature Pres. DC (bar) Pressure (bar)   Constr. rmsd
   -5.15167e+05    3.00708e+02   -1.65012e+02   -3.64004e+02    3.24847e-06

           Step           Time
          25000       50.00000

   Energies (kJ/mol)
           Bond            U-B    Proper Dih.  Improper Dih.      CMAP Dih.
    3.58436e+03    9.66499e+03    6.47297e+03    5.73022e+02   -1.52313e+03
          LJ-14     Coulomb-14        LJ (SR)  Disper. corr.   Coulomb (SR)
    3.25406e+03    5.08994e+04    6.51078e+04   -3.96736e+03   -6.67339e+05
   Coul. recip. Position Rest.      Potential    Kinetic En.   Total Energy
    2.12922e+03    1.16814e+03   -5.29975e+05    1.01813e+05   -4.28162e+05
  Conserved En.    Temperature Pres. DC (bar) Pressure (bar)   Constr. rmsd
   -5.15130e+05    3.00465e+02   -1.65012e+02   -7.30564e+02    3.01109e-06

           Step           Time
          26000       52.00000

   Energies (kJ/mol)
           Bond            U-B    Proper Dih.  Improper Dih.      CMAP Dih.
    3.57638e+03    9.85575e+03    6.47069e+03    6.47010e+02   -1.51583e+03
          LJ-14     Coulomb-14        LJ (SR)  Disper. corr.   Coulomb (SR)
    3.21932e+03    5.06294e+04    6.57178e+04   -3.96736e+03   -6.68366e+05
   Coul. recip. Position Rest.      Potential    Kinetic En.   Total Energy
    2.12518e+03    1.12004e+03   -5.30488e+05    1.02533e+05   -4.27955e+05
  Conserved En.    Temperature Pres. DC (bar) Pressure (bar)   Constr. rmsd
   -5.15152e+05    3.02588e+02   -1.65012e+02   -5.65682e+02    3.33234e-06

           Step           Time
          27000       54.00000

   Energies (kJ/mol)
           Bond            U-B    Proper Dih.  Improper Dih.      CMAP Dih.
    3.50469e+03    9.80346e+03    6.49953e+03    5.59206e+02   -1.50297e+03
          LJ-14     Coulomb-14        LJ (SR)  Disper. corr.   Coulomb (SR)
    3.24761e+03    5.04284e+04    6.56524e+04   -3.96736e+03   -6.68907e+05
   Coul. recip. Position Rest.      Potential    Kinetic En.   Total Energy
    2.04445e+03    1.10656e+03   -5.31531e+05    1.02267e+05   -4.29264e+05
  Conserved En.    Temperature Pres. DC (bar) Pressure (bar)   Constr. rmsd
   -5.15168e+05    3.01806e+02   -1.65012e+02   -5.32590e+02    3.13901e-06

           Step           Time
          28000       56.00000

   Energies (kJ/mol)
           Bond            U-B    Proper Dih.  Improper Dih.      CMAP Dih.
    3.41107e+03    9.86573e+03    6.47606e+03    6.01556e+02   -1.53752e+03
          LJ-14     Coulomb-14        LJ (SR)  Disper. corr.   Coulomb (SR)
    3.23303e+03    5.09761e+04    6.56495e+04   -3.96736e+03   -6.68225e+05
   Coul. recip. Position Rest.      Potential    Kinetic En.   Total Energy
    2.06516e+03    1.08441e+03   -5.30367e+05    1.01511e+05   -4.28856e+05
  Conserved En.    Temperature Pres. DC (bar) Pressure (bar)   Constr. rmsd
   -5.15145e+05    2.99573e+02   -1.65012e+02   -9.27048e+01    3.07254e-06

           Step           Time
          29000       58.00000

   Energies (kJ/mol)
           Bond            U-B    Proper Dih.  Improper Dih.      CMAP Dih.
    3.36884e+03    9.65648e+03    6.52509e+03    6.33785e+02   -1.53076e+03
          LJ-14     Coulomb-14        LJ (SR)  Disper. corr.   Coulomb (SR)
    3.30141e+03    5.07955e+04    6.43728e+04   -3.96736e+03   -6.67478e+05
   Coul. recip. Position Rest.      Potential    Kinetic En.   Total Energy
    2.05913e+03    1.04998e+03   -5.31213e+05    1.02110e+05   -4.29103e+05
  Conserved En.    Temperature Pres. DC (bar) Pressure (bar)   Constr. rmsd
   -5.15178e+05    3.01341e+02   -1.65012e+02    3.02028e+02    2.99809e-06

           Step           Time
          30000       60.00000

   Energies (kJ/mol)
           Bond            U-B    Proper Dih.  Improper Dih.      CMAP Dih.
    3.56683e+03    9.78500e+03    6.55123e+03    6.46424e+02   -1.58090e+03
          LJ-14     Coulomb-14        LJ (SR)  Disper. corr.   Coulomb (SR)
    3.18320e+03    5.05619e+04    6.61561e+04   -3.96736e+03   -6.68842e+05
   Coul. recip. Position Rest.      Potential    Kinetic En.   Total Energy
    2.04652e+03    1.02311e+03   -5.30870e+05    1.01958e+05   -4.28913e+05
  Conserved En.    Temperature Pres. DC (bar) Pressure (bar)   Constr. rmsd
   -5.15164e+05    3.00891e+02   -1.65012e+02   -7.94026e+01    2.97654e-06

           Step           Time
          31000       62.00000

   Energies (kJ/mol)
           Bond            U-B    Proper Dih.  Improper Dih.      CMAP Dih.
    3.53346e+03    9.49353e+03    6.50042e+03    5.67576e+02   -1.57240e+03
          LJ-14     Coulomb-14        LJ (SR)  Disper. corr.   Coulomb (SR)
    3.22310e+03    5.08291e+04    6.52673e+04   -3.96736e+03   -6.67508e+05
   Coul. recip. Position Rest.      Potential    Kinetic En.   Total Energy
    1.99525e+03    1.10415e+03   -5.30534e+05    1.01593e+05   -4.28940e+05
  Conserved En.    Temperature Pres. DC (bar) Pressure (bar)   Constr. rmsd
   -5.15167e+05    2.99816e+02   -1.65012e+02   -5.56672e+02    3.32102e-06

           Step           Time
          32000       64.00000

   Energies (kJ/mol)
           Bond            U-B    Proper Dih.  Improper Dih.      CMAP Dih.
    3.53416e+03    9.53191e+03    6.44252e+03    6.20600e+02   -1.52071e+03
          LJ-14     Coulomb-14        LJ (SR)  Disper. corr.   Coulomb (SR)
    3.27641e+03    5.04827e+04    6.57754e+04   -3.96736e+03   -6.67888e+05
   Coul. recip. Position Rest.      Potential    Kinetic En.   Total Energy
    2.01700e+03    1.00213e+03   -5.30694e+05    1.01808e+05   -4.28885e+05
  Conserved En.    Temperature Pres. DC (bar) Pressure (bar)   Constr. rmsd
   -5.15166e+05    3.00451e+02   -1.65012e+02   -7.77785e+01    3.05536e-06

           Step           Time
          33000       66.00000

   Energies (kJ/mol)
           Bond            U-B    Proper Dih.  Improper Dih.      CMAP Dih.
    3.62540e+03    9.54691e+03    6.39697e+03    5.89147e+02   -1.57587e+03
          LJ-14     Coulomb-14        LJ (SR)  Disper. corr.   Coulomb (SR)
    3.16363e+03    5.12158e+04    6.50773e+04   -3.96736e+03   -6.67024e+05
   Coul. recip. Position Rest.      Potential    Kinetic En.   Total Energy
    2.12736e+03    1.12880e+03   -5.29696e+05    1.01899e+05   -4.27797e+05
  Conserved En.    Temperature Pres. DC (bar) Pressure (bar)   Constr. rmsd
   -5.15142e+05    3.00718e+02   -1.65012e+02   -9.32349e+01    3.12123e-06

           Step           Time
          34000       68.00000

   Energies (kJ/mol)
           Bond            U-B    Proper Dih.  Improper Dih.      CMAP Dih.
    3.53391e+03    9.73054e+03    6.49286e+03    6.02863e+02   -1.56333e+03
          LJ-14     Coulomb-14        LJ (SR)  Disper. corr.   Coulomb (SR)
    3.33786e+03    5.05559e+04    6.48990e+04   -3.96736e+03   -6.67213e+05
   Coul. recip. Position Rest.      Potential    Kinetic En.   Total Energy
    2.01154e+03    1.08247e+03   -5.30497e+05    1.01576e+05   -4.28921e+05
  Conserved En.    Temperature Pres. DC (bar) Pressure (bar)   Constr. rmsd
   -5.15163e+05    2.99766e+02   -1.65012e+02   -5.38822e+02    2.94365e-06

           Step           Time
          35000       70.00000

   Energies (kJ/mol)
           Bond            U-B    Proper Dih.  Improper Dih.      CMAP Dih.
    3.39290e+03    9.91665e+03    6.35600e+03    5.52988e+02   -1.49092e+03
          LJ-14     Coulomb-14        LJ (SR)  Disper. corr.   Coulomb (SR)
    3.28246e+03    5.07388e+04    6.45615e+04   -3.96736e+03   -6.67097e+05
   Coul. recip. Position Rest.      Potential    Kinetic En.   Total Energy
    2.10531e+03    1.09465e+03   -5.30554e+05    1.01746e+05   -4.28808e+05
  Conserved En.    Temperature Pres. DC (bar) Pressure (bar)   Constr. rmsd
   -5.15171e+05    3.00268e+02   -1.65012e+02   -4.44631e+02    3.02866e-06

           Step           Time
          36000       72.00000

   Energies (kJ/mol)
           Bond            U-B    Proper Dih.  Improper Dih.      CMAP Dih.
    3.72713e+03    9.61845e+03    6.51568e+03    6.64418e+02   -1.57929e+03
          LJ-14     Coulomb-14        LJ (SR)  Disper. corr.   Coulomb (SR)
    3.12942e+03    5.07379e+04    6.45453e+04   -3.96736e+03   -6.68100e+05
   Coul. recip. Position Rest.      Potential    Kinetic En.   Total Energy
    2.11297e+03    1.10909e+03   -5.31486e+05    1.01422e+05   -4.30064e+05
  Conserved En.    Temperature Pres. DC (bar) Pressure (bar)   Constr. rmsd
   -5.15155e+05    2.99312e+02   -1.65012e+02   -4.22726e+02    2.92653e-06

           Step           Time
          37000       74.00000

   Energies (kJ/mol)
           Bond            U-B    Proper Dih.  Improper Dih.      CMAP Dih.
    3.47485e+03    9.49355e+03    6.46814e+03    5.73921e+02   -1.46102e+03
          LJ-14     Coulomb-14        LJ (SR)  Disper. corr.   Coulomb (SR)
    3.20857e+03    5.09821e+04    6.43498e+04   -3.96736e+03   -6.66898e+05
   Coul. recip. Position Rest.      Potential    Kinetic En.   Total Energy
    2.04514e+03    1.11023e+03   -5.30620e+05    1.02414e+05   -4.28206e+05
  Conserved En.    Temperature Pres. DC (bar) Pressure (bar)   Constr. rmsd
   -5.15169e+05    3.02239e+02   -1.65012e+02   -4.38253e+02    2.94550e-06

           Step           Time
          38000       76.00000

   Energies (kJ/mol)
           Bond            U-B    Proper Dih.  Improper Dih.      CMAP Dih.
    3.42344e+03    9.97169e+03    6.50923e+03    6.08144e+02   -1.54539e+03
          LJ-14     Coulomb-14        LJ (SR)  Disper. corr.   Coulomb (SR)
    3.20026e+03    5.08537e+04    6.56975e+04   -3.96736e+03   -6.68863e+05
   Coul. recip. Position Rest.      Potential    Kinetic En.   Total Energy
    2.08669e+03    1.02604e+03   -5.31000e+05    1.01806e+05   -4.29194e+05
  Conserved En.    Temperature Pres. DC (bar) Pressure (bar)   Constr. rmsd
   -5.15138e+05    3.00443e+02   -1.65012e+02   -4.18142e+02    3.05565e-06

           Step           Time
          39000       78.00000

   Energies (kJ/mol)
           Bond            U-B    Proper Dih.  Improper Dih.      CMAP Dih.
    3.49551e+03    9.72993e+03    6.47144e+03    6.17014e+02   -1.59551e+03
          LJ-14     Coulomb-14        LJ (SR)  Disper. corr.   Coulomb (SR)
    3.24208e+03    5.08151e+04    6.69595e+04   -3.96736e+03   -6.70895e+05
   Coul. recip. Position Rest.      Potential    Kinetic En.   Total Energy
    2.07563e+03    1.10577e+03   -5.31946e+05    1.01428e+05   -4.30518e+05
  Conserved En.    Temperature Pres. DC (bar) Pressure (bar)   Constr. rmsd
   -5.15165e+05    2.99328e+02   -1.65012e+02    8.32016e+01    2.91718e-06

           Step           Time
          40000       80.00000

   Energies (kJ/mol)
           Bond            U-B    Proper Dih.  Improper Dih.      CMAP Dih.
    3.45131e+03    9.69720e+03    6.44566e+03    6.43834e+02   -1.52021e+03
          LJ-14     Coulomb-14        LJ (SR)  Disper. corr.   Coulomb (SR)
    3.20167e+03    5.07589e+04    6.48612e+04   -3.96736e+03   -6.66487e+05
   Coul. recip. Position Rest.      Potential    Kinetic En.   Total Energy
    2.08833e+03    1.10556e+03   -5.29720e+05    1.02061e+05   -4.27660e+05
  Conserved En.    Temperature Pres. DC (bar) Pressure (bar)   Constr. rmsd
   -5.15180e+05    3.01196e+02   -1.65012e+02    1.10539e+02    3.02335e-06

           Step           Time
          41000       82.00000

   Energies (kJ/mol)
           Bond            U-B    Proper Dih.  Improper Dih.      CMAP Dih.
    3.48178e+03    9.72168e+03    6.49388e+03    6.01936e+02   -1.55792e+03
          LJ-14     Coulomb-14        LJ (SR)  Disper. corr.   Coulomb (SR)
    3.28864e+03    5.09018e+04    6.58827e+04   -3.96736e+03   -6.68797e+05
   Coul. recip. Position Rest.      Potential    Kinetic En.   Total Energy
    2.05791e+03    1.11682e+03   -5.30775e+05    1.00492e+05   -4.30283e+05
  Conserved En.    Temperature Pres. DC (bar) Pressure (bar)   Constr. rmsd
   -5.15141e+05    2.96568e+02   -1.65012e+02   -1.12630e+02    3.06833e-06

           Step           Time
          42000       84.00000

   Energies (kJ/mol)
           Bond            U-B    Proper Dih.  Improper Dih.      CMAP Dih.
    3.48908e+03    1.00043e+04    6.37979e+03    6.26137e+02   -1.49776e+03
          LJ-14     Coulomb-14        LJ (SR)  Disper. corr.   Coulomb (SR)
    3.22261e+03    5.07131e+04    6.53842e+04   -3.96736e+03   -6.69252e+05
   Coul. recip. Position Rest.      Potential    Kinetic En.   Total Energy
    2.05737e+03    1.11897e+03   -5.31721e+05    1.01837e+05   -4.29884e+05
  Conserved En.    Temperature Pres. DC (bar) Pressure (bar)   Constr. rmsd
   -5.15157e+05    3.00536e+02   -1.65012e+02    1.35238e+02    3.02819e-06

           Step           Time
          43000       86.00000

   Energies (kJ/mol)
           Bond            U-B    Proper Dih.  Improper Dih.      CMAP Dih.
    3.39532e+03    9.58956e+03    6.58298e+03    5.89725e+02   -1.57809e+03
          LJ-14     Coulomb-14        LJ (SR)  Disper. corr.   Coulomb (SR)
    3.28033e+03    5.09378e+04    6.45581e+04   -3.96736e+03   -6.68002e+05
   Coul. recip. Position Rest.      Potential    Kinetic En.   Total Energy
    2.05753e+03    1.12655e+03   -5.31430e+05    1.01943e+05   -4.29487e+05
  Conserved En.    Temperature Pres. DC (bar) Pressure (bar)   Constr. rmsd
   -5.15168e+05    3.00848e+02   -1.65012e+02   -2.20663e+02    3.04910e-06

           Step           Time
          44000       88.00000

   Energies (kJ/mol)
           Bond            U-B    Proper Dih.  Improper Dih.      CMAP Dih.
    3.50583e+03    9.95888e+03    6.48105e+03    6.11967e+02   -1.56738e+03
          LJ-14     Coulomb-14        LJ (SR)  Disper. corr.   Coulomb (SR)
    3.26098e+03    5.07694e+04    6.46693e+04   -3.96736e+03   -6.66787e+05
   Coul. recip. Position Rest.      Potential    Kinetic En.   Total Energy
    2.12351e+03    1.11451e+03   -5.29826e+05    1.01600e+05   -4.28226e+05
  Conserved En.    Temperature Pres. DC (bar) Pressure (bar)   Constr. rmsd
   -5.15139e+05    2.99835e+02   -1.65012e+02   -6.80204e+01    2.96516e-06

           Step           Time
          45000       90.00000

   Energies (kJ/mol)
           Bond            U-B    Proper Dih.  Improper Dih.      CMAP Dih.
    3.45882e+03    9.78114e+03    6.53821e+03    5.89888e+02   -1.61008e+03
          LJ-14     Coulomb-14        LJ (SR)  Disper. corr.   Coulomb (SR)
    3.19975e+03    5.05004e+04    6.48481e+04   -3.96736e+03   -6.67802e+05
   Coul. recip. Position Rest.      Potential    Kinetic En.   Total Energy
    2.02124e+03    1.06331e+03   -5.31379e+05    1.00892e+05   -4.30487e+05
  Conserved En.    Temperature Pres. DC (bar) Pressure (bar)   Constr. rmsd
   -5.15169e+05    2.97747e+02   -1.65012e+02   -1.07672e+02    3.02562e-06

           Step           Time
          46000       92.00000

   Energies (kJ/mol)
           Bond            U-B    Proper Dih.  Improper Dih.      CMAP Dih.
    3.51326e+03    9.81312e+03    6.38841e+03    5.84377e+02   -1.57557e+03
          LJ-14     Coulomb-14        LJ (SR)  Disper. corr.   Coulomb (SR)
    3.20212e+03    5.05632e+04    6.64207e+04   -3.96736e+03   -6.68858e+05
   Coul. recip. Position Rest.      Potential    Kinetic En.   Total Energy
    2.09394e+03    1.19528e+03   -5.30627e+05    1.00915e+05   -4.29712e+05
  Conserved En.    Temperature Pres. DC (bar) Pressure (bar)   Constr. rmsd
   -5.15165e+05    2.97814e+02   -1.65012e+02   -3.66311e+02    2.86380e-06

           Step           Time
          47000       94.00000

   Energies (kJ/mol)
           Bond            U-B    Proper Dih.  Improper Dih.      CMAP Dih.
    3.33657e+03    9.77990e+03    6.45652e+03    6.35262e+02   -1.55382e+03
          LJ-14     Coulomb-14        LJ (SR)  Disper. corr.   Coulomb (SR)
    3.18707e+03    5.08571e+04    6.53608e+04   -3.96736e+03   -6.67332e+05
   Coul. recip. Position Rest.      Potential    Kinetic En.   Total Energy
    2.12528e+03    1.20342e+03   -5.29911e+05    1.02534e+05   -4.27377e+05
  Conserved En.    Temperature Pres. DC (bar) Pressure (bar)   Constr. rmsd
   -5.15167e+05    3.02594e+02   -1.65012e+02   -2.95917e+02    3.20835e-06

           Step           Time
          48000       96.00000

   Energies (kJ/mol)
           Bond            U-B    Proper Dih.  Improper Dih.      CMAP Dih.
    3.56402e+03    9.81026e+03    6.46810e+03    6.58547e+02   -1.55391e+03
          LJ-14     Coulomb-14        LJ (SR)  Disper. corr.   Coulomb (SR)
    3.23413e+03    5.10352e+04    6.60307e+04   -3.96736e+03   -6.68542e+05
   Coul. recip. Position Rest.      Potential    Kinetic En.   Total Energy
    2.12231e+03    1.12256e+03   -5.30018e+05    1.01296e+05   -4.28722e+05
  Conserved En.    Temperature Pres. DC (bar) Pressure (bar)   Constr. rmsd
   -5.15141e+05    2.98939e+02   -1.65012e+02    1.52766e+02    2.92476e-06

           Step           Time
          49000       98.00000

   Energies (kJ/mol)
           Bond            U-B    Proper Dih.  Improper Dih.      CMAP Dih.
    3.51639e+03    9.97333e+03    6.55771e+03    6.34035e+02   -1.53311e+03
          LJ-14     Coulomb-14        LJ (SR)  Disper. corr.   Coulomb (SR)
    3.24436e+03    5.07979e+04    6.43961e+04   -3.96736e+03   -6.66866e+05
   Coul. recip. Position Rest.      Potential    Kinetic En.   Total Energy
    1.99752e+03    1.15156e+03   -5.30097e+05    1.01261e+05   -4.28836e+05
  Conserved En.    Temperature Pres. DC (bar) Pressure (bar)   Constr. rmsd
   -5.15127e+05    2.98837e+02   -1.65012e+02   -6.10613e+02    3.05512e-06

           Step           Time
          50000      100.00000

Writing checkpoint, step 50000 at Tue Oct 12 13:39:10 2021


   Energies (kJ/mol)
           Bond            U-B    Proper Dih.  Improper Dih.      CMAP Dih.
    3.49583e+03    9.68925e+03    6.45038e+03    6.12153e+02   -1.58140e+03
          LJ-14     Coulomb-14        LJ (SR)  Disper. corr.   Coulomb (SR)
    3.24396e+03    5.08541e+04    6.35846e+04   -3.96736e+03   -6.66715e+05
   Coul. recip. Position Rest.      Potential    Kinetic En.   Total Energy
    2.03525e+03    1.14319e+03   -5.31155e+05    1.01418e+05   -4.29737e+05
  Conserved En.    Temperature Pres. DC (bar) Pressure (bar)   Constr. rmsd
   -5.15148e+05    2.99300e+02   -1.65012e+02   -7.56364e+02    3.02808e-06


Energy conservation over simulation part #1 of length 100 ns, time 0 to 100 ns
  Conserved energy drift: 2.88e-04 kJ/mol/ps per atom


	<======  ###############  ==>
	<====  A V E R A G E S  ====>
	<==  ###############  ======>

	Statistics over 50001 steps using 501 frames

   Energies (kJ/mol)
           Bond            U-B    Proper Dih.  Improper Dih.      CMAP Dih.
    3.49614e+03    9.77091e+03    6.45911e+03    6.15451e+02   -1.54187e+03
          LJ-14     Coulomb-14        LJ (SR)  Disper. corr.   Coulomb (SR)
    3.22920e+03    5.07768e+04    6.54530e+04   -3.96736e+03   -6.68479e+05
   Coul. recip. Position Rest.      Potential    Kinetic En.   Total Energy
    2.07740e+03    1.12575e+03   -5.30984e+05    1.01576e+05   -4.29409e+05
  Conserved En.    Temperature Pres. DC (bar) Pressure (bar)   Constr. rmsd
   -5.15146e+05    2.99764e+02   -1.65012e+02   -2.22817e+02    0.00000e+00

   Total Virial (kJ/mol)
    3.45706e+04   -3.30562e+01    1.90090e+02
   -3.32662e+01    3.73631e+04   -1.33595e+02
    1.90201e+02   -1.33517e+02    3.76849e+04

   Pressure (bar)
   -5.87774e+01    2.15787e+00   -1.72099e+01
    2.17532e+00   -2.90229e+02    1.29613e+01
   -1.72191e+01    1.29547e+01   -3.19446e+02


	M E G A - F L O P S   A C C O U N T I N G

 NB=Group-cutoff nonbonded kernels    NxN=N-by-N cluster Verlet kernels
 RF=Reaction-Field  VdW=Van der Waals  QSTab=quadratic-spline table
 W3=SPC/TIP3p  W4=TIP4p (single or pairs)
 V&F=Potential and force  V=Potential only  F=Force only

 Computing:                               M-Number         M-Flops  % Flops
-----------------------------------------------------------------------------
 Pair Search distance check           12803.712394      115233.412     0.1
 NxN Ewald Elec. + LJ [F]            982012.034656    76596938.703    59.6
 NxN Ewald Elec. + LJ [V&F]            9939.356000     1282176.924     1.0
 NxN Ewald Elec. [F]                 747086.647904    45572285.522    35.5
 NxN Ewald Elec. [V&F]                 7561.539520      635169.320     0.5
 1,4 nonbonded interactions             579.061581       52115.542     0.0
 Calc Weights                          5940.118800      213844.277     0.2
 Spread Q Bspline                    126722.534400      253445.069     0.2
 Gather F Bspline                    126722.534400      760335.206     0.6
 3D-FFT                              305965.419186     2447723.353     1.9
 Solve PME                              156.803136       10035.401     0.0
 Shift-X                                 24.789600         148.738     0.0
 Bonds                                  114.102282        6732.035     0.0
 Propers                                485.659713      111216.074     0.1
 Impropers                               36.850737        7664.953     0.0
 Pos. Restr.                            111.902238        5595.112     0.0
 Virial                                  19.862145         357.519     0.0
 Stop-CM                                 19.879200         198.792     0.0
 Calc-Ekin                              396.079200       10694.138     0.0
 Lincs                                  108.956537        6537.392     0.0
 Lincs-Mat                              552.033120        2208.132     0.0
 Constraint-V                          1973.428934       17760.860     0.0
 Constraint-Vir                          18.681288         448.351     0.0
 Settle                                 585.185109      216518.490     0.2
 CMAP                                    14.100282       23970.479     0.0
 Urey-Bradley                           401.358027       73448.519     0.1
-----------------------------------------------------------------------------
 Total                                               128422802.314   100.0
-----------------------------------------------------------------------------


     R E A L   C Y C L E   A N D   T I M E   A C C O U N T I N G

On 1 MPI rank, each using 8 OpenMP threads

 Computing:          Num   Num      Call    Wall time         Giga-Cycles
                     Ranks Threads  Count      (s)         total sum    %
-----------------------------------------------------------------------------
 Neighbor search        1    8        626       5.869         98.598   1.6
 Force                  1    8      50001     304.006       5107.259  84.2
 PME mesh               1    8      50001      42.322        711.002  11.7
 NB X/F buffer ops.     1    8      99376       3.638         61.121   1.0
 Write traj.            1    8          1       0.143          2.397   0.0
 Update                 1    8      50001       1.399         23.502   0.4
 Constraints            1    8      50003       2.920         49.061   0.8
 Rest                                           0.551          9.250   0.2
-----------------------------------------------------------------------------
 Total                                        360.848       6062.189 100.0
-----------------------------------------------------------------------------
 Breakdown of PME mesh computation
-----------------------------------------------------------------------------
 PME spread             1    8      50001      18.340        308.109   5.1
 PME gather             1    8      50001      10.536        176.997   2.9
 PME 3D-FFT             1    8     100002      12.138        203.913   3.4
 PME solve Elec         1    8      50001       1.217         20.446   0.3
-----------------------------------------------------------------------------

               Core t (s)   Wall t (s)        (%)
       Time:     2886.783      360.848      800.0
                 (ns/day)    (hour/ns)
Performance:       23.944        1.002
Finished mdrun on rank 0 Tue Oct 12 13:39:10 2021

